mysqld, Version: 5.7.26-log (MySQL Community Server (GPL)). started with:
Tcp port: 3306  Unix socket: /var/run/mysqld/mysqld.sock
Time                 Id Command    Argument
2019-06-27T21:08:12.985920Z	    2 Connect	axis_test@172.18.0.1 on remrate using TCP/IP
2019-06-27T21:08:12.988901Z	    2 Query	SET NAMES latin1
2019-06-27T21:08:12.989916Z	    2 Query	SET character_set_results = NULL
2019-06-27T21:08:12.990966Z	    2 Query	SET SQL_AUTO_IS_NULL = 0
2019-06-27T21:08:12.991959Z	    2 Query	select database()
2019-06-27T21:08:12.993109Z	    2 Query	select database()
2019-06-27T21:08:12.994463Z	    2 Query	SELECT @@tx_isolation
2019-06-27T21:08:12.995592Z	    2 Query	set @@sql_select_limit=DEFAULT
2019-06-27T21:08:12.996508Z	    2 Query	select * from Version
2019-06-27T21:08:13.004511Z	    2 Query	select Count(*) as LCOUNT  FROM BuildRun WHERE sBRRateNo = 'XYZ-REM15p8'
2019-06-27T21:08:13.057064Z	    2 Query	Select max(lBldgRunNo) as LMAX from BuildRun
2019-06-27T21:08:13.058683Z	    2 Query	select Count(*) as LCOUNT  FROM BuildRun WHERE sBRRateNo = 'XYZ-REM15p8'
2019-06-27T21:08:13.062150Z	    2 Query	INSERT INTO BuildRun (lBldgRunNo, sBRDate, sBRProgVer, sBRRateNo, sBRFlag, lBRExpTpe, nInstance, sBRProgFlvr, sBRUDRName, sBRUDRChk) VALUES (127630, N'06/27/2019 14:08:10', N'15.8', N'XYZ-REM15p8', N'', 1, 0, N'Rate', N'', N'')
2019-06-27T21:08:13.063726Z	    2 Query	Select max(lURURNo) as LMAX from UtilRate
2019-06-27T21:08:13.070209Z	    2 Query	INSERT INTO UtilRate (lBldgRunNo, lURURNo, sURName, nURFuelTyp, nURUnits) VALUES (127630, 237994, N'ek elec**', 4, 1)
2019-06-27T21:08:13.071851Z	    2 Query	Select max(lSRSRNo) as LMAX from SeasnRat
2019-06-27T21:08:13.077938Z	    2 Query	INSERT INTO SeasnRat (lBldgRunNo, lSRSRNo, lSRURNo, nSRStrtMth, nSRStopMth, fSRSvcChrg) VALUES (127630, 239700, 237994, 1, 6, 15.000000)
2019-06-27T21:08:13.079857Z	    2 Query	INSERT INTO Block (lBldgRunNo, lBLSRNo, fBLBlckMax, fBLRate) VALUES (127630, 239700, 600.000000, 0.073000)
2019-06-27T21:08:13.086419Z	    2 Query	INSERT INTO Block (lBldgRunNo, lBLSRNo, fBLBlckMax, fBLRate) VALUES (127630, 239700, 1400.000000, 0.063000)
2019-06-27T21:08:13.093691Z	    2 Query	INSERT INTO Block (lBldgRunNo, lBLSRNo, fBLBlckMax, fBLRate) VALUES (127630, 239700, 1000000.000000, 0.055000)
2019-06-27T21:08:13.096580Z	    2 Query	Select max(lSRSRNo) as LMAX from SeasnRat
2019-06-27T21:08:13.098887Z	    2 Query	INSERT INTO SeasnRat (lBldgRunNo, lSRSRNo, lSRURNo, nSRStrtMth, nSRStopMth, fSRSvcChrg) VALUES (127630, 239701, 237994, 7, 12, 0.000000)
2019-06-27T21:08:13.101086Z	    2 Query	INSERT INTO Block (lBldgRunNo, lBLSRNo, fBLBlckMax, fBLRate) VALUES (127630, 239701, 500000.000000, 0.070000)
2019-06-27T21:08:13.103139Z	    2 Query	INSERT INTO Block (lBldgRunNo, lBLSRNo, fBLBlckMax, fBLRate) VALUES (127630, 239701, 1000000.000000, 0.060000)
2019-06-27T21:08:13.105278Z	    2 Query	Select max(lURURNo) as LMAX from UtilRate
2019-06-27T21:08:13.106775Z	    2 Query	INSERT INTO UtilRate (lBldgRunNo, lURURNo, sURName, nURFuelTyp, nURUnits) VALUES (127630, 237995, N'ek wood**', 6, 5)
2019-06-27T21:08:13.108203Z	    2 Query	Select max(lSRSRNo) as LMAX from SeasnRat
2019-06-27T21:08:13.109757Z	    2 Query	INSERT INTO SeasnRat (lBldgRunNo, lSRSRNo, lSRURNo, nSRStrtMth, nSRStopMth, fSRSvcChrg) VALUES (127630, 239702, 237995, 1, 12, 11.110000)
2019-06-27T21:08:13.111440Z	    2 Query	INSERT INTO Block (lBldgRunNo, lBLSRNo, fBLBlckMax, fBLRate) VALUES (127630, 239702, 1000000.000000, 13.330000)
2019-06-27T21:08:13.113077Z	    2 Query	Select max(lURURNo) as LMAX from UtilRate
2019-06-27T21:08:13.114588Z	    2 Query	INSERT INTO UtilRate (lBldgRunNo, lURURNo, sURName, nURFuelTyp, nURUnits) VALUES (127630, 237996, N'ek kero**', 5, 2)
2019-06-27T21:08:13.116500Z	    2 Query	Select max(lSRSRNo) as LMAX from SeasnRat
2019-06-27T21:08:13.117878Z	    2 Query	INSERT INTO SeasnRat (lBldgRunNo, lSRSRNo, lSRURNo, nSRStrtMth, nSRStopMth, fSRSvcChrg) VALUES (127630, 239703, 237996, 1, 12, 2.220000)
2019-06-27T21:08:13.120032Z	    2 Query	INSERT INTO Block (lBldgRunNo, lBLSRNo, fBLBlckMax, fBLRate) VALUES (127630, 239703, 1000000.000000, 0.900000)
2019-06-27T21:08:13.121889Z	    2 Query	Select max(lURURNo) as LMAX from UtilRate
2019-06-27T21:08:13.123945Z	    2 Query	INSERT INTO UtilRate (lBldgRunNo, lURURNo, sURName, nURFuelTyp, nURUnits) VALUES (127630, 237997, N'Default Oil Provider', 3, 2)
2019-06-27T21:08:13.125411Z	    2 Query	Select max(lSRSRNo) as LMAX from SeasnRat
2019-06-27T21:08:13.126814Z	    2 Query	INSERT INTO SeasnRat (lBldgRunNo, lSRSRNo, lSRURNo, nSRStrtMth, nSRStopMth, fSRSvcChrg) VALUES (127630, 239704, 237997, 1, 12, 0.000000)
2019-06-27T21:08:13.128311Z	    2 Query	INSERT INTO Block (lBldgRunNo, lBLSRNo, fBLBlckMax, fBLRate) VALUES (127630, 239704, 1000000.000000, 0.900000)
2019-06-27T21:08:13.129867Z	    2 Query	Select max(lURURNo) as LMAX from UtilRate
2019-06-27T21:08:13.131237Z	    2 Query	INSERT INTO UtilRate (lBldgRunNo, lURURNo, sURName, nURFuelTyp, nURUnits) VALUES (127630, 237998, N'Default Propane Provider', 2, 2)
2019-06-27T21:08:13.132723Z	    2 Query	Select max(lSRSRNo) as LMAX from SeasnRat
2019-06-27T21:08:13.134104Z	    2 Query	INSERT INTO SeasnRat (lBldgRunNo, lSRSRNo, lSRURNo, nSRStrtMth, nSRStopMth, fSRSvcChrg) VALUES (127630, 239705, 237998, 9, 3, 4.000000)
2019-06-27T21:08:13.135625Z	    2 Query	INSERT INTO Block (lBldgRunNo, lBLSRNo, fBLBlckMax, fBLRate) VALUES (127630, 239705, 1000000.000000, 0.900000)
2019-06-27T21:08:13.137024Z	    2 Query	Select max(lSRSRNo) as LMAX from SeasnRat
2019-06-27T21:08:13.138357Z	    2 Query	INSERT INTO SeasnRat (lBldgRunNo, lSRSRNo, lSRURNo, nSRStrtMth, nSRStopMth, fSRSvcChrg) VALUES (127630, 239706, 237998, 4, 8, 4.000000)
2019-06-27T21:08:13.139799Z	    2 Query	INSERT INTO Block (lBldgRunNo, lBLSRNo, fBLBlckMax, fBLRate) VALUES (127630, 239706, 1000000.000000, 0.700000)
2019-06-27T21:08:13.141419Z	    2 Query	Select max(lURURNo) as LMAX from UtilRate
2019-06-27T21:08:13.142840Z	    2 Query	INSERT INTO UtilRate (lBldgRunNo, lURURNo, sURName, nURFuelTyp, nURUnits) VALUES (127630, 237999, N'Default Gas Provider', 1, 4)
2019-06-27T21:08:13.144641Z	    2 Query	Select max(lSRSRNo) as LMAX from SeasnRat
2019-06-27T21:08:13.146105Z	    2 Query	INSERT INTO SeasnRat (lBldgRunNo, lSRSRNo, lSRURNo, nSRStrtMth, nSRStopMth, fSRSvcChrg) VALUES (127630, 239707, 237999, 1, 12, 5.000000)
2019-06-27T21:08:13.147575Z	    2 Query	INSERT INTO Block (lBldgRunNo, lBLSRNo, fBLBlckMax, fBLRate) VALUES (127630, 239707, 1000000.000000, 0.500000)
2019-06-27T21:08:13.149312Z	    2 Query	Select max(lBldgNo) as LMAX from Building
2019-06-27T21:08:13.157342Z	    2 Query	INSERT INTO Building (lBldgRunNo, lBldgNo, sBUBldgNam, sBURateNo, nBUBlgType, fCeilAtRo, fCeilAtAr, fCeilCaRo, fCeilCaAr, fAGWCORo, fAGWCOAr, fAGWBORo, fAGWBOAr, fJoiCORo, fJoiCOAr, fJoiBORo, fJoiBOAr, fFndCORo, fFndCOAr, fFndBORo, fFndBOAr, fFrFCARo, fFrFCAAr, fWinCORo, fWinCOAr, fSkyCORo, fSkyCOAr, fDorCORo, fDorCOAr, fAMThDry, sNotes, fWinWall, fWinFloor, sCeilATDom, sCeilSADOM, sCeilCADOM, sAGWDOM, sFNDWDOM, sSLABDOM, sFRFDOM, sWINDOM, sDUCTDOM, sHTGDOM, sCLGDOM, sDHWDOM) VALUES (127630, 122697, N'ALL_FIELDS_SET_15.8.blg', N'XYZ-REM15p8', 2, 20.976839, 2135.000000, 28.870138, 222.000000, 10.353401, 1104.300049, 0.000000, 0.000000, 11.608522, 128.300003, 0.000000, 0.000000, 20.722126, 1136.010010, 0.000000, 0.000000, 15.727734, 966.000000, 2.040816, 33.000000, 2.176664, 86.000000, 0.000000, 0.000000, 0.500000, N'building notes
notes line 2', 0.064814, 0.036500, N'R-50.0', N'NA', N'R-35.0', N'R-11.0', N'R-34.3', N'R-0.0 Edge, R-0.0 Under', N'R*-19.9(assembly)', N'U-Value: 0.490, SHGC: 0.580', N'758.06 CFM25.', N'Heating::  Fuel-fired air distribution, Natural gas, 80.0 AFUE.', N'Cooling::  Air conditioner, Electric, 10.0 SEER.', N'Water Heating::  Conventional, Natural gas, 0.56 EF, 40.0 Gal.')
2019-06-27T21:08:13.159405Z	    2 Query	INSERT INTO ProjInfo (lBldgRunNo, lBldgNo, sPIPOwner, sPIStreet, sPICity, sPIState, sPIZip, sPIPhone, SPIBuilder, sPIModel, sPIBldrDev, sPIBldrPho, sPIRatOrg, sPIRatPhon, sPIRatName, sPIRaterNo, sPIRatDate, sPIRatngNo, sPIRatType, sPIRatReas, sPIBldrStr, sPIBldrCty, sPIBlgName, sPIRatEMal, sPIRatStr, sPIRatCity, sPIRatSt, sPIRatZip, sPIRatWeb, sPIBldrEml, sPIPRVDRID, sPIREGID, SPISAMSETID, sPIBldrPrmt, sPIVer1Name, sPIVer1ID, sPIVer2Name, sPIVer2ID, sPIVer3Name, sPIVer3ID, sPIVer4Name, sPIVer4ID, sPIRegDate, sPIPRMTDate) VALUES (127630, 122697, N'I.M. Smith', N'2342 Maybee Ave.', N'Denver', N'CO', N'80333', N'303 444 4444', N'WeeBeeGood Builders', N'The Jubilee', N'Rocky View', N'303 111 2222', N'L.A. Raters', N'303 222 1111', N'H.I. Scorer', N'303 333 2222', N'1/9/18', N'XYZ-REM15p8', N'Based on plans', N'New home', N'bldr street 1', N'bldr street 1', N'the bldg name', N'a@laraters.com', N'rater street 1', N'rater city', N'AK', N'rater zip', N'www.laraters.com', N'bldr email', N'____-___', N'', N'0000', N'12345', N'Rater Name 1', N'RaterID1', N'Rater Name 2', N'RaterID2', N'Rater Name 3', N'RaterID3', N'Rater Name 4', N'RaterID4', N'', N'06/26/2019')
2019-06-27T21:08:13.166329Z	    2 Query	INSERT INTO BldgInfo (lBldgRunNo, lBldgNo, fBIVolume, fBIACond, nBIHType, nBILType, nBIStories, nBIFType, nBIBeds, nBIUnits, sBIRateNo, nBICType, nBIYearBlt, nBIThBndry, nBIStoryWCB, nBIInfltVol) VALUES (127630, 122697, 16000.000000, 2000.000000, 1, 0, 1, 6, 3, 1, N'XYZ-REM15p8', 1, 2008, 3, 1, 1)
2019-06-27T21:08:13.169825Z	    2 Query	Select max(lFWTWTNo) as LMAX from FndwType
2019-06-27T21:08:13.177290Z	    2 Query	INSERT INTO FndwType (lBldgRunNo, lFWTWTNo, sFWTType, nFWTType, nFWTStdTyp, fFWTMasThk, fFWTExtIns, fFWTExInsT, fFWTExInsB, nFWTEInTTp, nFWTEInBTp, fFWTInInCt, fFWTInInFC, fFWTInInsT, fFWTInInsB, nFWTIInTTp, nFWTIInBTp, sFWTNote, nFWTInsGrd) VALUES (127630, 191003, N'ek R-19 Draped, Full**', 14, 5, 6.800000, 4.400000, 5.500000, 6.600000, 3, 4, 19.100000, 1.100000, 2.200000, 3.300000, 1, 2, N'qwer', 3)
2019-06-27T21:08:13.178866Z	    2 Query	INSERT INTO FndWall (lBldgRunNo, lBldgNo, szFWName, fFWLength, fFWHeight, fFWDBGrade, fFWHAGrade, nFWLoc, lFWFWTNo, sFWRateNo) VALUES (127630, 122697, N'Cond Basement', 128.300003, 8.700000, 7.600000, 1.100000, 201, 191003, N'XYZ-REM15p8')
2019-06-27T21:08:13.186330Z	    2 Query	Select max(lFWTWTNo) as LMAX from FndwType
2019-06-27T21:08:13.187994Z	    2 Query	INSERT INTO FndwType (lBldgRunNo, lFWTWTNo, sFWTType, nFWTType, nFWTStdTyp, fFWTMasThk, fFWTExtIns, fFWTExInsT, fFWTExInsB, nFWTEInTTp, nFWTEInBTp, fFWTInInCt, fFWTInInFC, fFWTInInsT, fFWTInInsB, nFWTIInTTp, nFWTIInBTp, sFWTNote, nFWTInsGrd) VALUES (127630, 191004, N'Mobile Home Skirt', 18, 6, 0.100000, 0.000000, 0.000000, 0.000000, 1, 4, 8.000000, 0.000000, 0.000000, 0.000000, 1, 2, N'', 3)
2019-06-27T21:08:13.189425Z	    2 Query	INSERT INTO FndWall (lBldgRunNo, lBldgNo, szFWName, fFWLength, fFWHeight, fFWDBGrade, fFWHAGrade, nFWLoc, lFWFWTNo, sFWRateNo) VALUES (127630, 122697, N'fwall 2', 4.000000, 7.700000, 7.700000, 0.000000, 202, 191004, N'XYZ-REM15p8')
2019-06-27T21:08:13.191181Z	    2 Query	Select max(lFWTWTNo) as LMAX from FndwType
2019-06-27T21:08:13.192609Z	    2 Query	INSERT INTO FndwType (lBldgRunNo, lFWTWTNo, sFWTType, nFWTType, nFWTStdTyp, fFWTMasThk, fFWTExtIns, fFWTExInsT, fFWTExInsB, nFWTEInTTp, nFWTEInBTp, fFWTInInCt, fFWTInInFC, fFWTInInsT, fFWTInInsB, nFWTIInTTp, nFWTIInBTp, sFWTNote, nFWTInsGrd) VALUES (127630, 191005, N'R-5 Ext, 2ft deep', 11, 0, 8.000000, 5.000000, 0.000000, 2.000000, 1, 4, 0.000000, 0.000000, 0.000000, 0.000000, 1, 1, N'', 3)
2019-06-27T21:08:13.194146Z	    2 Query	INSERT INTO FndWall (lBldgRunNo, lBldgNo, szFWName, fFWLength, fFWHeight, fFWDBGrade, fFWHAGrade, nFWLoc, lFWFWTNo, sFWRateNo) VALUES (127630, 122697, N'fwall 3', 3.000000, 6.000000, 2.000000, 4.000000, 213, 191005, N'XYZ-REM15p8')
2019-06-27T21:08:13.195776Z	    2 Query	Select max(lSTSTNo) as LMAX from SlabType
2019-06-27T21:08:13.202273Z	    2 Query	INSERT INTO SlabType (lBldgRunNo, lSTSTNo, sSTType, fSTPIns, fSTUIns, fSTFUWid, nSTRadiant, fSTPInsDep, sSTNote, nSTInsGrde, nSTFlrCvr) VALUES (127630, 38845, N'Uninsulated', 0.000000, 0.000000, 0.000000, 2, 0.000000, N'', 1, 1)
2019-06-27T21:08:13.203847Z	    2 Query	INSERT INTO Slab (lBldgRunNo, lBldgNo, szSFName, fSFArea, fSFDep, fSFPer, fSFExPer, fSFOnPer, lSFSlabTNo, sSFRateNo) VALUES (127630, 122697, N'Heated Basement', 1000.000000, 7.000000, 128.000000, 128.000000, 0.000000, 38845, N'XYZ-REM15p8')
2019-06-27T21:08:13.210032Z	    2 Query	Select max(lCTCTNo) as LMAX from CeilType
2019-06-27T21:08:13.216214Z	    2 Query	Select max(lTCTTCTTNo) as LMAX from CompType
2019-06-27T21:08:13.222814Z	    2 Query	INSERT INTO CompType (lBldgRunNo, lTCTTCTTNo, sTCTType, nTCTQFVal, sTCTLNm1, sTCTLNm2, sTCTLNm3, sTCTLNm4, sTCTLNm5, sTCTLNm6, fTCTUo) VALUES (127630, 661601, N'ek R-38 Blown, Attic**', 0, N'Gyp board', N'Cavity Ins/Frm', N'Continuous ins', N'', N'', N'', 0.055933)
2019-06-27T21:08:13.224447Z	    2 Query	INSERT INTO HeatPath (lBldgRunNo, lHPTCTTNo, sHPPthName, fHPPthArea, fHPPthRVal, fHPLRval1, fHPLRval2, fHPLRval3, fHPLRval4, fHPLRval5, fHPLRval6, fHPLRval7, fHPLRval8) VALUES (127630, 661601, N'Framing', 0.110000, 12.534999, 0.610000, 0.450000, 4.375000, 6.000000, 0.110000, 0.220000, 0.330000, 0.440000)
2019-06-27T21:08:13.231828Z	    2 Query	INSERT INTO HeatPath (lBldgRunNo, lHPTCTTNo, sHPPthName, fHPPthArea, fHPPthRVal, fHPLRval1, fHPLRval2, fHPLRval3, fHPLRval4, fHPLRval5, fHPLRval6, fHPLRval7, fHPLRval8) VALUES (127630, 661601, N'Cavity', 0.840000, 20.670000, 0.610000, 0.450000, 13.000000, 6.000000, 0.000000, 0.000000, 0.000000, 0.610000)
2019-06-27T21:08:13.233203Z	    2 Query	INSERT INTO HeatPath (lBldgRunNo, lHPTCTTNo, sHPPthName, fHPPthArea, fHPPthRVal, fHPLRval1, fHPLRval2, fHPLRval3, fHPLRval4, fHPLRval5, fHPLRval6, fHPLRval7, fHPLRval8) VALUES (127630, 661601, N'Grade', 0.050000, 7.670000, 0.610000, 0.450000, 0.000000, 6.000000, 0.000000, 0.000000, 0.000000, 0.610000)
2019-06-27T21:08:13.234846Z	    2 Query	INSERT INTO HeatPath (lBldgRunNo, lHPTCTTNo, sHPPthName, fHPPthArea, fHPPthRVal, fHPLRval1, fHPLRval2, fHPLRval3, fHPLRval4, fHPLRval5, fHPLRval6, fHPLRval7, fHPLRval8) VALUES (127630, 661601, N'', 0.000000, 0.000000, 0.000000, 0.000000, 0.000000, 0.000000, 0.000000, 0.000000, 0.000000, 0.000000)
2019-06-27T21:08:13.236500Z	    2 Query	INSERT INTO HeatPath (lBldgRunNo, lHPTCTTNo, sHPPthName, fHPPthArea, fHPPthRVal, fHPLRval1, fHPLRval2, fHPLRval3, fHPLRval4, fHPLRval5, fHPLRval6, fHPLRval7, fHPLRval8) VALUES (127630, 661601, N'', 0.000000, 0.000000, 0.000000, 0.000000, 0.000000, 0.000000, 0.000000, 0.000000, 0.000000, 0.000000)
2019-06-27T21:08:13.238265Z	    2 Query	INSERT INTO HeatPath (lBldgRunNo, lHPTCTTNo, sHPPthName, fHPPthArea, fHPPthRVal, fHPLRval1, fHPLRval2, fHPLRval3, fHPLRval4, fHPLRval5, fHPLRval6, fHPLRval7, fHPLRval8) VALUES (127630, 661601, N'', 0.000000, 0.000000, 0.000000, 0.000000, 0.000000, 0.000000, 0.000000, 0.000000, 0.000000, 0.000000)
2019-06-27T21:08:13.240318Z	    2 Query	INSERT INTO CeilType (lBldgRunNo, lCTCTNo, fCTGypThk, fCTRftrWdt, fCTRftrHgt, fCTRftrSpc, fCTContIns, fCTCvtyIns, fCTCInsThk, nCTCeilTyp, lCTCompNo, bCTQFValid, NCTINSTYP, FCTUNRDEP, FCTUNRRVL, FCTCLGWID, FCTCLGRSE, FCTTRSHGT, FCTHELHGT, FCTVNTSPC, NCTQFTYP, FCTFF, BCTDFLTFF, sCTNote, NCTINSGRDE) VALUES (127630, 149926, 0.500000, 1.500000, 3.500000, 24.000000, 6.000000, 13.000000, 3.500000, 2, 661601, 0, 2, 0.000000, 0.000000, 0.000000, 0.000000, 0.000000, 0.000000, 1.000000, 1, 0.110000, 1, N'asf', 3)
2019-06-27T21:08:13.242546Z	    2 Query	INSERT INTO Roof (lBldgRunNo, lBldgNo, szROName, fROArea, nROType, nRORadBar, nROCol, lROCeilTNo, fROUo, sRORateNo, nROClay, nROVent, fRORoofArea) VALUES (127630, 122697, N'pathlayer', 888.000000, 2, 2, 2, 149926, 0.055933, N'XYZ-REM15p8', 2, 2, 888.000000)
2019-06-27T21:08:13.257855Z	    2 Query	Select max(lCTCTNo) as LMAX from CeilType
2019-06-27T21:08:13.259433Z	    2 Query	Select max(lTCTTCTTNo) as LMAX from CompType
2019-06-27T21:08:13.261121Z	    2 Query	INSERT INTO CompType (lBldgRunNo, lTCTTCTTNo, sTCTType, nTCTQFVal, sTCTLNm1, sTCTLNm2, sTCTLNm3, sTCTLNm4, sTCTLNm5, sTCTLNm6, fTCTUo) VALUES (127630, 661602, N'R-50 Blown, Attic', 1, N'Gyp board', N'Cavity Ins/Frm', N'Continuous ins', N'', N'', N'', 0.020105)
2019-06-27T21:08:13.268174Z	    2 Query	INSERT INTO HeatPath (lBldgRunNo, lHPTCTTNo, sHPPthName, fHPPthArea, fHPPthRVal, fHPLRval1, fHPLRval2, fHPLRval3, fHPLRval4, fHPLRval5, fHPLRval6, fHPLRval7, fHPLRval8) VALUES (127630, 661602, N'Framing', 0.110000, 43.045002, 0.610000, 0.450000, 4.375000, 37.000000, 0.000000, 0.000000, 0.000000, 0.610000)
2019-06-27T21:08:13.270970Z	    2 Query	INSERT INTO HeatPath (lBldgRunNo, lHPTCTTNo, sHPPthName, fHPPthArea, fHPPthRVal, fHPLRval1, fHPLRval2, fHPLRval3, fHPLRval4, fHPLRval5, fHPLRval6, fHPLRval7, fHPLRval8) VALUES (127630, 661602, N'Cavity', 0.840000, 51.669998, 0.610000, 0.450000, 13.000000, 37.000000, 0.000000, 0.000000, 0.000000, 0.610000)
2019-06-27T21:08:13.273033Z	    2 Query	INSERT INTO HeatPath (lBldgRunNo, lHPTCTTNo, sHPPthName, fHPPthArea, fHPPthRVal, fHPLRval1, fHPLRval2, fHPLRval3, fHPLRval4, fHPLRval5, fHPLRval6, fHPLRval7, fHPLRval8) VALUES (127630, 661602, N'Grade', 0.050000, 38.670002, 0.610000, 0.450000, 0.000000, 37.000000, 0.000000, 0.000000, 0.000000, 0.610000)
2019-06-27T21:08:13.274747Z	    2 Query	INSERT INTO HeatPath (lBldgRunNo, lHPTCTTNo, sHPPthName, fHPPthArea, fHPPthRVal, fHPLRval1, fHPLRval2, fHPLRval3, fHPLRval4, fHPLRval5, fHPLRval6, fHPLRval7, fHPLRval8) VALUES (127630, 661602, N'', 0.000000, 0.000000, 0.000000, 0.000000, 0.000000, 0.000000, 0.000000, 0.000000, 0.000000, 0.000000)
2019-06-27T21:08:13.276396Z	    2 Query	INSERT INTO HeatPath (lBldgRunNo, lHPTCTTNo, sHPPthName, fHPPthArea, fHPPthRVal, fHPLRval1, fHPLRval2, fHPLRval3, fHPLRval4, fHPLRval5, fHPLRval6, fHPLRval7, fHPLRval8) VALUES (127630, 661602, N'', 0.000000, 0.000000, 0.000000, 0.000000, 0.000000, 0.000000, 0.000000, 0.000000, 0.000000, 0.000000)
2019-06-27T21:08:13.277936Z	    2 Query	INSERT INTO HeatPath (lBldgRunNo, lHPTCTTNo, sHPPthName, fHPPthArea, fHPPthRVal, fHPLRval1, fHPLRval2, fHPLRval3, fHPLRval4, fHPLRval5, fHPLRval6, fHPLRval7, fHPLRval8) VALUES (127630, 661602, N'', 0.000000, 0.000000, 0.000000, 0.000000, 0.000000, 0.000000, 0.000000, 0.000000, 0.000000, 0.000000)
2019-06-27T21:08:13.279582Z	    2 Query	INSERT INTO CeilType (lBldgRunNo, lCTCTNo, fCTGypThk, fCTRftrWdt, fCTRftrHgt, fCTRftrSpc, fCTContIns, fCTCvtyIns, fCTCInsThk, nCTCeilTyp, lCTCompNo, bCTQFValid, NCTINSTYP, FCTUNRDEP, FCTUNRRVL, FCTCLGWID, FCTCLGRSE, FCTTRSHGT, FCTHELHGT, FCTVNTSPC, NCTQFTYP, FCTFF, BCTDFLTFF, sCTNote, NCTINSGRDE) VALUES (127630, 149927, 0.500000, 1.500000, 3.500000, 24.000000, 37.000000, 13.000000, 3.500000, 2, 661602, 1, 2, 0.000000, 0.000000, 0.000000, 0.000000, 0.000000, 0.000000, 1.000000, 0, 0.110000, 1, N'', 3)
2019-06-27T21:08:13.281240Z	    2 Query	INSERT INTO Roof (lBldgRunNo, lBldgNo, szROName, fROArea, nROType, nRORadBar, nROCol, lROCeilTNo, fROUo, sRORateNo, nROClay, nROVent, fRORoofArea) VALUES (127630, 122697, N'asdf', 1000.000000, 2, 2, 2, 149927, 0.020105, N'XYZ-REM15p8', 2, 2, 1000.000000)
2019-06-27T21:08:13.284621Z	    2 Query	Select max(lCTCTNo) as LMAX from CeilType
2019-06-27T21:08:13.286355Z	    2 Query	Select max(lTCTTCTTNo) as LMAX from CompType
2019-06-27T21:08:13.288057Z	    2 Query	INSERT INTO CompType (lBldgRunNo, lTCTTCTTNo, sTCTType, nTCTQFVal, sTCTLNm1, sTCTLNm2, sTCTLNm3, sTCTLNm4, sTCTLNm5, sTCTLNm6, fTCTUo) VALUES (127630, 661603, N'R-35, Vaulted', 1, N'Gyp board', N'Cavity Ins/Frm', N'Continuous ins', N'Plywood', N'Shingles', N'', 0.034638)
2019-06-27T21:08:13.289799Z	    2 Query	INSERT INTO HeatPath (lBldgRunNo, lHPTCTTNo, sHPPthName, fHPPthArea, fHPPthRVal, fHPLRval1, fHPLRval2, fHPLRval3, fHPLRval4, fHPLRval5, fHPLRval6, fHPLRval7, fHPLRval8) VALUES (127630, 661603, N'Framing', 0.110000, 19.434999, 0.610000, 0.450000, 11.875000, 5.000000, 0.930000, 0.400000, 0.000000, 0.170000)
2019-06-27T21:08:13.291401Z	    2 Query	INSERT INTO HeatPath (lBldgRunNo, lHPTCTTNo, sHPPthName, fHPPthArea, fHPPthRVal, fHPLRval1, fHPLRval2, fHPLRval3, fHPLRval4, fHPLRval5, fHPLRval6, fHPLRval7, fHPLRval8) VALUES (127630, 661603, N'Cavity', 0.840000, 37.559998, 0.610000, 0.450000, 30.000000, 5.000000, 0.930000, 0.400000, 0.000000, 0.170000)
2019-06-27T21:08:13.292952Z	    2 Query	INSERT INTO HeatPath (lBldgRunNo, lHPTCTTNo, sHPPthName, fHPPthArea, fHPPthRVal, fHPLRval1, fHPLRval2, fHPLRval3, fHPLRval4, fHPLRval5, fHPLRval6, fHPLRval7, fHPLRval8) VALUES (127630, 661603, N'Grade', 0.050000, 7.560000, 0.610000, 0.450000, 0.000000, 5.000000, 0.930000, 0.400000, 0.000000, 0.170000)
2019-06-27T21:08:13.294702Z	    2 Query	INSERT INTO HeatPath (lBldgRunNo, lHPTCTTNo, sHPPthName, fHPPthArea, fHPPthRVal, fHPLRval1, fHPLRval2, fHPLRval3, fHPLRval4, fHPLRval5, fHPLRval6, fHPLRval7, fHPLRval8) VALUES (127630, 661603, N'', 0.000000, 0.000000, 0.000000, 0.000000, 0.000000, 0.000000, 0.000000, 0.000000, 0.000000, 0.000000)
2019-06-27T21:08:13.296223Z	    2 Query	INSERT INTO HeatPath (lBldgRunNo, lHPTCTTNo, sHPPthName, fHPPthArea, fHPPthRVal, fHPLRval1, fHPLRval2, fHPLRval3, fHPLRval4, fHPLRval5, fHPLRval6, fHPLRval7, fHPLRval8) VALUES (127630, 661603, N'', 0.000000, 0.000000, 0.000000, 0.000000, 0.000000, 0.000000, 0.000000, 0.000000, 0.000000, 0.000000)
2019-06-27T21:08:13.297963Z	    2 Query	INSERT INTO HeatPath (lBldgRunNo, lHPTCTTNo, sHPPthName, fHPPthArea, fHPPthRVal, fHPLRval1, fHPLRval2, fHPLRval3, fHPLRval4, fHPLRval5, fHPLRval6, fHPLRval7, fHPLRval8) VALUES (127630, 661603, N'', 0.000000, 0.000000, 0.000000, 0.000000, 0.000000, 0.000000, 0.000000, 0.000000, 0.000000, 0.000000)
2019-06-27T21:08:13.299682Z	    2 Query	INSERT INTO CeilType (lBldgRunNo, lCTCTNo, fCTGypThk, fCTRftrWdt, fCTRftrHgt, fCTRftrSpc, fCTContIns, fCTCvtyIns, fCTCInsThk, nCTCeilTyp, lCTCompNo, bCTQFValid, NCTINSTYP, FCTUNRDEP, FCTUNRRVL, FCTCLGWID, FCTCLGRSE, FCTTRSHGT, FCTHELHGT, FCTVNTSPC, NCTQFTYP, FCTFF, BCTDFLTFF, sCTNote, NCTINSGRDE) VALUES (127630, 149928, 0.500000, 1.500000, 9.500000, 24.000000, 5.000000, 30.000000, 9.500000, 1, 661603, 1, 2, 0.000000, 0.000000, 0.000000, 0.000000, 0.000000, 0.000000, 1.000000, 0, 0.110000, 1, N'', 3)
2019-06-27T21:08:13.301168Z	    2 Query	INSERT INTO Roof (lBldgRunNo, lBldgNo, szROName, fROArea, nROType, nRORadBar, nROCol, lROCeilTNo, fROUo, sRORateNo, nROClay, nROVent, fRORoofArea) VALUES (127630, 122697, N'qf vault', 222.000000, 1, 2, 2, 149928, 0.034638, N'XYZ-REM15p8', 2, 2, 222.000000)
2019-06-27T21:08:13.302559Z	    2 Query	Select max(lCTCTNo) as LMAX from CeilType
2019-06-27T21:08:13.303890Z	    2 Query	Select max(lTCTTCTTNo) as LMAX from CompType
2019-06-27T21:08:13.305459Z	    2 Query	INSERT INTO CompType (lBldgRunNo, lTCTTCTTNo, sTCTType, nTCTQFVal, sTCTLNm1, sTCTLNm2, sTCTLNm3, sTCTLNm4, sTCTLNm5, sTCTLNm6, fTCTUo) VALUES (127630, 661604, N'Mobile Home Ceiling', 1, N'Gyp board', N'Framing', N'Insulation', N'', N'', N'', 0.103559)
2019-06-27T21:08:13.307050Z	    2 Query	INSERT INTO HeatPath (lBldgRunNo, lHPTCTTNo, sHPPthName, fHPPthArea, fHPPthRVal, fHPLRval1, fHPLRval2, fHPLRval3, fHPLRval4, fHPLRval5, fHPLRval6, fHPLRval7, fHPLRval8) VALUES (127630, 661604, N'Cavity 1', 0.793324, 13.782499, 0.610000, 0.562500, 0.000000, 12.000000, 0.000000, 0.000000, 0.000000, 0.610000)
2019-06-27T21:08:13.308584Z	    2 Query	INSERT INTO HeatPath (lBldgRunNo, lHPTCTTNo, sHPPthName, fHPPthArea, fHPPthRVal, fHPLRval1, fHPLRval2, fHPLRval3, fHPLRval4, fHPLRval5, fHPLRval6, fHPLRval7, fHPLRval8) VALUES (127630, 661604, N'Cavity 2', 0.046676, 12.727953, 0.610000, 0.562500, 0.000000, 10.945454, 0.000000, 0.000000, 0.000000, 0.610000)
2019-06-27T21:08:13.310103Z	    2 Query	INSERT INTO HeatPath (lBldgRunNo, lHPTCTTNo, sHPPthName, fHPPthArea, fHPPthRVal, fHPLRval1, fHPLRval2, fHPLRval3, fHPLRval4, fHPLRval5, fHPLRval6, fHPLRval7, fHPLRval8) VALUES (127630, 661604, N'Frame 1', 0.103888, 7.657500, 0.610000, 0.562500, 4.375000, 1.500000, 0.000000, 0.000000, 0.000000, 0.610000)
2019-06-27T21:08:13.311588Z	    2 Query	INSERT INTO HeatPath (lBldgRunNo, lHPTCTTNo, sHPPthName, fHPPthArea, fHPPthRVal, fHPLRval1, fHPLRval2, fHPLRval3, fHPLRval4, fHPLRval5, fHPLRval6, fHPLRval7, fHPLRval8) VALUES (127630, 661604, N'Frame 2', 0.006112, 8.557500, 0.610000, 0.562500, 4.375000, 2.400000, 0.000000, 0.000000, 0.000000, 0.610000)
2019-06-27T21:08:13.313147Z	    2 Query	INSERT INTO HeatPath (lBldgRunNo, lHPTCTTNo, sHPPthName, fHPPthArea, fHPPthRVal, fHPLRval1, fHPLRval2, fHPLRval3, fHPLRval4, fHPLRval5, fHPLRval6, fHPLRval7, fHPLRval8) VALUES (127630, 661604, N'Grade 1', 0.047222, 1.782500, 0.610000, 0.562500, 0.000000, 0.000000, 0.000000, 0.000000, 0.000000, 0.610000)
2019-06-27T21:08:13.316149Z	    2 Query	INSERT INTO HeatPath (lBldgRunNo, lHPTCTTNo, sHPPthName, fHPPthArea, fHPPthRVal, fHPLRval1, fHPLRval2, fHPLRval3, fHPLRval4, fHPLRval5, fHPLRval6, fHPLRval7, fHPLRval8) VALUES (127630, 661604, N'Grade 2', 0.002778, 1.782500, 0.610000, 0.562500, 0.000000, 0.000000, 0.000000, 0.000000, 0.000000, 0.610000)
2019-06-27T21:08:13.317999Z	    2 Query	INSERT INTO CeilType (lBldgRunNo, lCTCTNo, fCTGypThk, fCTRftrWdt, fCTRftrHgt, fCTRftrSpc, fCTContIns, fCTCvtyIns, fCTCInsThk, nCTCeilTyp, lCTCompNo, bCTQFValid, NCTINSTYP, FCTUNRDEP, FCTUNRRVL, FCTCLGWID, FCTCLGRSE, FCTTRSHGT, FCTHELHGT, FCTVNTSPC, NCTQFTYP, FCTFF, BCTDFLTFF, sCTNote, NCTINSGRDE) VALUES (127630, 149929, 0.625000, 1.500000, 3.500000, 24.000000, 0.000000, 0.000000, 3.500000, 2, 661604, 1, 1, 4.000000, 12.000000, 16.500000, 4.000000, 24.000000, 4.000000, 1.000000, 2, 0.110000, 1, N'', 3)
2019-06-27T21:08:13.319461Z	    2 Query	INSERT INTO Roof (lBldgRunNo, lBldgNo, szROName, fROArea, nROType, nRORadBar, nROCol, lROCeilTNo, fROUo, sRORateNo, nROClay, nROVent, fRORoofArea) VALUES (127630, 122697, N'qwer', 333.000000, 2, 1, 2, 149929, 0.103559, N'XYZ-REM15p8', 2, 2, 333.000000)
2019-06-27T21:08:13.321142Z	    2 Query	Select max(lWTWTNo) as LMAX from WallType
2019-06-27T21:08:13.328465Z	    2 Query	Select max(lTCTTCTTNo) as LMAX from CompType
2019-06-27T21:08:13.329988Z	    2 Query	INSERT INTO CompType (lBldgRunNo, lTCTTCTTNo, sTCTType, nTCTQFVal, sTCTLNm1, sTCTLNm2, sTCTLNm3, sTCTLNm4, sTCTLNm5, sTCTLNm6, fTCTUo) VALUES (127630, 661605, N'R-110**', 1, N'Gyp board', N'Air Gap/Frm', N'Cavity ins/Frm', N'Continuous ins', N'Ext Finish', N'', 0.104441)
2019-06-27T21:08:13.331436Z	    2 Query	INSERT INTO HeatPath (lBldgRunNo, lHPTCTTNo, sHPPthName, fHPPthArea, fHPPthRVal, fHPLRval1, fHPLRval2, fHPLRval3, fHPLRval4, fHPLRval5, fHPLRval6, fHPLRval7, fHPLRval8) VALUES (127630, 661605, N'Cavity', 0.720000, 13.240000, 0.680000, 0.450000, 0.000000, 11.000000, 0.000000, 0.940000, 0.000000, 0.170000)
2019-06-27T21:08:13.332906Z	    2 Query	INSERT INTO HeatPath (lBldgRunNo, lHPTCTTNo, sHPPthName, fHPPthArea, fHPPthRVal, fHPLRval1, fHPLRval2, fHPLRval3, fHPLRval4, fHPLRval5, fHPLRval6, fHPLRval7, fHPLRval8) VALUES (127630, 661605, N'Framing', 0.230000, 6.615000, 0.680000, 0.450000, 0.000000, 4.375000, 0.000000, 0.940000, 0.000000, 0.170000)
2019-06-27T21:08:13.334372Z	    2 Query	INSERT INTO HeatPath (lBldgRunNo, lHPTCTTNo, sHPPthName, fHPPthArea, fHPPthRVal, fHPLRval1, fHPLRval2, fHPLRval3, fHPLRval4, fHPLRval5, fHPLRval6, fHPLRval7, fHPLRval8) VALUES (127630, 661605, N'Grade', 0.050000, 3.270000, 0.680000, 0.450000, 0.000000, 1.030000, 0.000000, 0.940000, 0.000000, 0.170000)
2019-06-27T21:08:13.336024Z	    2 Query	INSERT INTO HeatPath (lBldgRunNo, lHPTCTTNo, sHPPthName, fHPPthArea, fHPPthRVal, fHPLRval1, fHPLRval2, fHPLRval3, fHPLRval4, fHPLRval5, fHPLRval6, fHPLRval7, fHPLRval8) VALUES (127630, 661605, N'', 0.000000, 0.000000, 0.000000, 0.000000, 0.000000, 0.000000, 0.000000, 0.000000, 0.000000, 0.000000)
2019-06-27T21:08:13.337438Z	    2 Query	INSERT INTO HeatPath (lBldgRunNo, lHPTCTTNo, sHPPthName, fHPPthArea, fHPPthRVal, fHPLRval1, fHPLRval2, fHPLRval3, fHPLRval4, fHPLRval5, fHPLRval6, fHPLRval7, fHPLRval8) VALUES (127630, 661605, N'', 0.000000, 0.000000, 0.000000, 0.000000, 0.000000, 0.000000, 0.000000, 0.000000, 0.000000, 0.000000)
2019-06-27T21:08:13.338871Z	    2 Query	INSERT INTO HeatPath (lBldgRunNo, lHPTCTTNo, sHPPthName, fHPPthArea, fHPPthRVal, fHPLRval1, fHPLRval2, fHPLRval3, fHPLRval4, fHPLRval5, fHPLRval6, fHPLRval7, fHPLRval8) VALUES (127630, 661605, N'', 0.000000, 0.000000, 0.000000, 0.000000, 0.000000, 0.000000, 0.000000, 0.000000, 0.000000, 0.000000)
2019-06-27T21:08:13.340305Z	    2 Query	INSERT INTO WallType (lBldgRunNo, lWTWTNo, fWTStudWdt, fWTStudDpt, fWTStudSpg, fWTGypThk, fWTContIns, fWTCvtyIns, fWTCInsThk, fWTBlckIns, nWTCntnTyp, lWTCompNo, bWTQFValid, fWTFF, bWTDFLTFF, sWTNote, nWTInsGrde) VALUES (127630, 306779, 1.500000, 3.500000, 16.000000, 0.500000, 0.000000, 11.000000, 3.500000, 0.000000, 1, 661605, 1, 0.230000, 1, N'qwer', 3)
2019-06-27T21:08:13.342251Z	    2 Query	INSERT INTO AGWall (lBldgRunNo, lBldgNo, szAGName, fAGArea, nAGLoc, nAGCol, fAGUo, lAGWallTNo, sAGRateNo) VALUES (127630, 122697, N'Exterior Wall', 1026.300049, 201, 1, 0.104441, 306779, N'XYZ-REM15p8')
2019-06-27T21:08:13.347927Z	    2 Query	Select max(lWTWTNo) as LMAX from WallType
2019-06-27T21:08:13.349169Z	    2 Query	Select max(lTCTTCTTNo) as LMAX from CompType
2019-06-27T21:08:13.350426Z	    2 Query	INSERT INTO CompType (lBldgRunNo, lTCTTCTTNo, sTCTType, nTCTQFVal, sTCTLNm1, sTCTLNm2, sTCTLNm3, sTCTLNm4, sTCTLNm5, sTCTLNm6, fTCTUo) VALUES (127630, 661606, N'R-150**', 1, N'Gyp board', N'Air Gap/Frm', N'Cavity ins/Frm', N'Continuous ins', N'Ext Finish', N'', 0.091823)
2019-06-27T21:08:13.351828Z	    2 Query	INSERT INTO HeatPath (lBldgRunNo, lHPTCTTNo, sHPPthName, fHPPthArea, fHPPthRVal, fHPLRval1, fHPLRval2, fHPLRval3, fHPLRval4, fHPLRval5, fHPLRval6, fHPLRval7, fHPLRval8) VALUES (127630, 661606, N'Cavity', 0.720000, 17.240000, 0.680000, 0.450000, 0.000000, 15.000000, 0.000000, 0.940000, 0.000000, 0.170000)
2019-06-27T21:08:13.353193Z	    2 Query	INSERT INTO HeatPath (lBldgRunNo, lHPTCTTNo, sHPPthName, fHPPthArea, fHPPthRVal, fHPLRval1, fHPLRval2, fHPLRval3, fHPLRval4, fHPLRval5, fHPLRval6, fHPLRval7, fHPLRval8) VALUES (127630, 661606, N'Framing', 0.230000, 6.615000, 0.680000, 0.450000, 0.000000, 4.375000, 0.000000, 0.940000, 0.000000, 0.170000)
2019-06-27T21:08:13.354692Z	    2 Query	INSERT INTO HeatPath (lBldgRunNo, lHPTCTTNo, sHPPthName, fHPPthArea, fHPPthRVal, fHPLRval1, fHPLRval2, fHPLRval3, fHPLRval4, fHPLRval5, fHPLRval6, fHPLRval7, fHPLRval8) VALUES (127630, 661606, N'Grade', 0.050000, 3.270000, 0.680000, 0.450000, 0.000000, 1.030000, 0.000000, 0.940000, 0.000000, 0.170000)
2019-06-27T21:08:13.356360Z	    2 Query	INSERT INTO HeatPath (lBldgRunNo, lHPTCTTNo, sHPPthName, fHPPthArea, fHPPthRVal, fHPLRval1, fHPLRval2, fHPLRval3, fHPLRval4, fHPLRval5, fHPLRval6, fHPLRval7, fHPLRval8) VALUES (127630, 661606, N'', 0.000000, 0.000000, 0.000000, 0.000000, 0.000000, 0.000000, 0.000000, 0.000000, 0.000000, 0.000000)
2019-06-27T21:08:13.357682Z	    2 Query	INSERT INTO HeatPath (lBldgRunNo, lHPTCTTNo, sHPPthName, fHPPthArea, fHPPthRVal, fHPLRval1, fHPLRval2, fHPLRval3, fHPLRval4, fHPLRval5, fHPLRval6, fHPLRval7, fHPLRval8) VALUES (127630, 661606, N'', 0.000000, 0.000000, 0.000000, 0.000000, 0.000000, 0.000000, 0.000000, 0.000000, 0.000000, 0.000000)
2019-06-27T21:08:13.358961Z	    2 Query	INSERT INTO HeatPath (lBldgRunNo, lHPTCTTNo, sHPPthName, fHPPthArea, fHPPthRVal, fHPLRval1, fHPLRval2, fHPLRval3, fHPLRval4, fHPLRval5, fHPLRval6, fHPLRval7, fHPLRval8) VALUES (127630, 661606, N'', 0.000000, 0.000000, 0.000000, 0.000000, 0.000000, 0.000000, 0.000000, 0.000000, 0.000000, 0.000000)
2019-06-27T21:08:13.360498Z	    2 Query	INSERT INTO WallType (lBldgRunNo, lWTWTNo, fWTStudWdt, fWTStudDpt, fWTStudSpg, fWTGypThk, fWTContIns, fWTCvtyIns, fWTCInsThk, fWTBlckIns, nWTCntnTyp, lWTCompNo, bWTQFValid, fWTFF, bWTDFLTFF, sWTNote, nWTInsGrde) VALUES (127630, 306780, 1.500000, 3.500000, 16.000000, 0.500000, 0.000000, 15.000000, 3.500000, 0.000000, 1, 661606, 1, 0.230000, 1, N'BigWall', 3)
2019-06-27T21:08:13.361849Z	    2 Query	INSERT INTO AGWall (lBldgRunNo, lBldgNo, szAGName, fAGArea, nAGLoc, nAGCol, fAGUo, lAGWallTNo, sAGRateNo) VALUES (127630, 122697, N'Common Wall', 513.200012, 213, 1, 0.091823, 306780, N'XYZ-REM15p8')
2019-06-27T21:08:13.368221Z	    2 Query	Select max(lWTWTNo) as LMAX from WallType
2019-06-27T21:08:13.370100Z	    2 Query	Select max(lTCTTCTTNo) as LMAX from CompType
2019-06-27T21:08:13.372073Z	    2 Query	INSERT INTO CompType (lBldgRunNo, lTCTTCTTNo, sTCTType, nTCTQFVal, sTCTLNm1, sTCTLNm2, sTCTLNm3, sTCTLNm4, sTCTLNm5, sTCTLNm6, fTCTUo) VALUES (127630, 661607, N'SIP 12-3/8"', 0, N'Gyp board', N'Air Gap/Frm', N'Continuous ins', N'Ext Finish', N'', N'', 0.017709)
2019-06-27T21:08:13.373669Z	    2 Query	INSERT INTO HeatPath (lBldgRunNo, lHPTCTTNo, sHPPthName, fHPPthArea, fHPPthRVal, fHPLRval1, fHPLRval2, fHPLRval3, fHPLRval4, fHPLRval5, fHPLRval6, fHPLRval7, fHPLRval8) VALUES (127630, 661607, N'SIP', 1.000000, 56.469997, 0.680000, 0.450000, 1.030000, 53.200001, 0.940000, 0.000000, 0.000000, 0.170000)
2019-06-27T21:08:13.375153Z	    2 Query	INSERT INTO HeatPath (lBldgRunNo, lHPTCTTNo, sHPPthName, fHPPthArea, fHPPthRVal, fHPLRval1, fHPLRval2, fHPLRval3, fHPLRval4, fHPLRval5, fHPLRval6, fHPLRval7, fHPLRval8) VALUES (127630, 661607, N'', 0.000000, 0.000000, 0.000000, 0.000000, 0.000000, 0.000000, 0.000000, 0.000000, 0.000000, 0.000000)
2019-06-27T21:08:13.376577Z	    2 Query	INSERT INTO HeatPath (lBldgRunNo, lHPTCTTNo, sHPPthName, fHPPthArea, fHPPthRVal, fHPLRval1, fHPLRval2, fHPLRval3, fHPLRval4, fHPLRval5, fHPLRval6, fHPLRval7, fHPLRval8) VALUES (127630, 661607, N'', 0.000000, 0.000000, 0.000000, 0.000000, 0.000000, 0.000000, 0.000000, 0.000000, 0.000000, 0.000000)
2019-06-27T21:08:13.377955Z	    2 Query	INSERT INTO HeatPath (lBldgRunNo, lHPTCTTNo, sHPPthName, fHPPthArea, fHPPthRVal, fHPLRval1, fHPLRval2, fHPLRval3, fHPLRval4, fHPLRval5, fHPLRval6, fHPLRval7, fHPLRval8) VALUES (127630, 661607, N'', 0.000000, 0.000000, 0.000000, 0.000000, 0.000000, 0.000000, 0.000000, 0.000000, 0.000000, 0.000000)
2019-06-27T21:08:13.379359Z	    2 Query	INSERT INTO HeatPath (lBldgRunNo, lHPTCTTNo, sHPPthName, fHPPthArea, fHPPthRVal, fHPLRval1, fHPLRval2, fHPLRval3, fHPLRval4, fHPLRval5, fHPLRval6, fHPLRval7, fHPLRval8) VALUES (127630, 661607, N'', 0.000000, 0.000000, 0.000000, 0.000000, 0.000000, 0.000000, 0.000000, 0.000000, 0.000000, 0.000000)
2019-06-27T21:08:13.380693Z	    2 Query	INSERT INTO HeatPath (lBldgRunNo, lHPTCTTNo, sHPPthName, fHPPthArea, fHPPthRVal, fHPLRval1, fHPLRval2, fHPLRval3, fHPLRval4, fHPLRval5, fHPLRval6, fHPLRval7, fHPLRval8) VALUES (127630, 661607, N'', 0.000000, 0.000000, 0.000000, 0.000000, 0.000000, 0.000000, 0.000000, 0.000000, 0.000000, 0.000000)
2019-06-27T21:08:13.382101Z	    2 Query	INSERT INTO WallType (lBldgRunNo, lWTWTNo, fWTStudWdt, fWTStudDpt, fWTStudSpg, fWTGypThk, fWTContIns, fWTCvtyIns, fWTCInsThk, fWTBlckIns, nWTCntnTyp, lWTCompNo, bWTQFValid, fWTFF, bWTDFLTFF, sWTNote, nWTInsGrde) VALUES (127630, 306781, 1.500000, 3.500000, 16.000000, 0.500000, 16.500000, 0.000000, 0.000000, 0.000000, 1, 661607, 0, 0.230000, 1, N'', 1)
2019-06-27T21:08:13.383398Z	    2 Query	INSERT INTO AGWall (lBldgRunNo, lBldgNo, szAGName, fAGArea, nAGLoc, nAGCol, fAGUo, lAGWallTNo, sAGRateNo) VALUES (127630, 122697, N'pathlayer', 100.000000, 201, 2, 0.017709, 306781, N'XYZ-REM15p8')
2019-06-27T21:08:13.384997Z	    2 Query	Select max(lFTFTNo) as LMAX from FlrType
2019-06-27T21:08:13.390883Z	    2 Query	Select max(lTCTTCTTNo) as LMAX from CompType
2019-06-27T21:08:13.392163Z	    2 Query	INSERT INTO CompType (lBldgRunNo, lTCTTCTTNo, sTCTType, nTCTQFVal, sTCTLNm1, sTCTLNm2, sTCTLNm3, sTCTLNm4, sTCTLNm5, sTCTLNm6, fTCTUo) VALUES (127630, 661608, N'R-300**', 1, N'Floor covering', N'Subfloor', N'Cavity ins', N'Continuous ins', N'Framing', N'', 0.047294)
2019-06-27T21:08:13.393682Z	    2 Query	INSERT INTO HeatPath (lBldgRunNo, lHPTCTTNo, sHPPthName, fHPPthArea, fHPPthRVal, fHPLRval1, fHPLRval2, fHPLRval3, fHPLRval4, fHPLRval5, fHPLRval6, fHPLRval7, fHPLRval8) VALUES (127630, 661608, N'Cavity', 0.820000, 33.425003, 0.920000, 1.230000, 0.820000, 30.000000, 0.000000, 0.000000, 0.000000, 0.455000)
2019-06-27T21:08:13.394935Z	    2 Query	INSERT INTO HeatPath (lBldgRunNo, lHPTCTTNo, sHPPthName, fHPPthArea, fHPPthRVal, fHPLRval1, fHPLRval2, fHPLRval3, fHPLRval4, fHPLRval5, fHPLRval6, fHPLRval7, fHPLRval8) VALUES (127630, 661608, N'Framing', 0.130000, 15.925000, 0.920000, 1.230000, 0.820000, 0.000000, 0.000000, 12.500000, 0.000000, 0.455000)
2019-06-27T21:08:13.396306Z	    2 Query	INSERT INTO HeatPath (lBldgRunNo, lHPTCTTNo, sHPPthName, fHPPthArea, fHPPthRVal, fHPLRval1, fHPLRval2, fHPLRval3, fHPLRval4, fHPLRval5, fHPLRval6, fHPLRval7, fHPLRval8) VALUES (127630, 661608, N'Grade', 0.050000, 3.425000, 0.920000, 1.230000, 0.820000, 0.000000, 0.000000, 0.000000, 0.000000, 0.455000)
2019-06-27T21:08:13.397751Z	    2 Query	INSERT INTO HeatPath (lBldgRunNo, lHPTCTTNo, sHPPthName, fHPPthArea, fHPPthRVal, fHPLRval1, fHPLRval2, fHPLRval3, fHPLRval4, fHPLRval5, fHPLRval6, fHPLRval7, fHPLRval8) VALUES (127630, 661608, N'', 0.000000, 0.000000, 0.000000, 0.000000, 0.000000, 0.000000, 0.000000, 0.000000, 0.000000, 0.000000)
2019-06-27T21:08:13.399050Z	    2 Query	INSERT INTO HeatPath (lBldgRunNo, lHPTCTTNo, sHPPthName, fHPPthArea, fHPPthRVal, fHPLRval1, fHPLRval2, fHPLRval3, fHPLRval4, fHPLRval5, fHPLRval6, fHPLRval7, fHPLRval8) VALUES (127630, 661608, N'', 0.000000, 0.000000, 0.000000, 0.000000, 0.000000, 0.000000, 0.000000, 0.000000, 0.000000, 0.000000)
2019-06-27T21:08:13.400431Z	    2 Query	INSERT INTO HeatPath (lBldgRunNo, lHPTCTTNo, sHPPthName, fHPPthArea, fHPPthRVal, fHPLRval1, fHPLRval2, fHPLRval3, fHPLRval4, fHPLRval5, fHPLRval6, fHPLRval7, fHPLRval8) VALUES (127630, 661608, N'', 0.000000, 0.000000, 0.000000, 0.000000, 0.000000, 0.000000, 0.000000, 0.000000, 0.000000, 0.000000)
2019-06-27T21:08:13.401834Z	    2 Query	INSERT INTO FlrType (lBldgRunNo, lFTFTNo, fFTJstWdt, fFTJstHgt, fFTJstSpg, fFTContIns, fFTCvtyIns, fFTCInsThk, nFTCovType, nFTTCTNo, bFTQFValid, NFTQFTYPE, FFTFLRWID, FFTOUTWID, FFTBATTHK, FFTBATRVL, FFTBLKTHK, FFTBLKRVL, NFTCNTINS, NFTOUTINS, FFTFF, BFTDFLTFF, SFTNOTE, nFTInsGrde) VALUES (127630, 213818, 1.500000, 11.500000, 16.000000, 0.000000, 30.000000, 10.000000, 1, 661608, 1, 0, 0.000000, 0.000000, 0.000000, 0.000000, 0.000000, 0.000000, 0, 0, 0.130000, 1, N'', 3)
2019-06-27T21:08:13.403041Z	    2 Query	INSERT INTO FrameFlr (lBldgRunNo, lBldgNo, szFFName, fFFArea, nFFLoc, fFFUo, lFFFlorTNo, sFFRateNo) VALUES (127630, 122697, N'ff1', 300.000000, 201, 0.047294, 213818, N'XYZ-REM15p8')
2019-06-27T21:08:13.408201Z	    2 Query	Select max(lFTFTNo) as LMAX from FlrType
2019-06-27T21:08:13.409540Z	    2 Query	Select max(lTCTTCTTNo) as LMAX from CompType
2019-06-27T21:08:13.411142Z	    2 Query	INSERT INTO CompType (lBldgRunNo, lTCTTCTTNo, sTCTType, nTCTQFVal, sTCTLNm1, sTCTLNm2, sTCTLNm3, sTCTLNm4, sTCTLNm5, sTCTLNm6, fTCTUo) VALUES (127630, 661609, N'Mobile Home Floor', 1, N'Floor covering', N'Particle board', N'Batt insulation', N'Blanket insulation', N'Framing', N'', 0.112370)
2019-06-27T21:08:13.412734Z	    2 Query	INSERT INTO HeatPath (lBldgRunNo, lHPTCTTNo, sHPPthName, fHPPthArea, fHPPthRVal, fHPLRval1, fHPLRval2, fHPLRval3, fHPLRval4, fHPLRval5, fHPLRval6, fHPLRval7, fHPLRval8) VALUES (127630, 661609, N'Cavity, Outrigger', 0.415208, 9.195000, 0.920000, 0.000000, 0.820000, 7.000000, 0.000000, 0.000000, 0.000000, 0.455000)
2019-06-27T21:08:13.414033Z	    2 Query	INSERT INTO HeatPath (lBldgRunNo, lHPTCTTNo, sHPPthName, fHPPthArea, fHPPthRVal, fHPLRval1, fHPLRval2, fHPLRval3, fHPLRval4, fHPLRval5, fHPLRval6, fHPLRval7, fHPLRval8) VALUES (127630, 661609, N'Frame, Outrigger', 0.059792, 7.195000, 0.920000, 0.000000, 0.820000, 0.000000, 0.000000, 5.000000, 0.000000, 0.455000)
2019-06-27T21:08:13.415291Z	    2 Query	INSERT INTO HeatPath (lBldgRunNo, lHPTCTTNo, sHPPthName, fHPPthArea, fHPPthRVal, fHPLRval1, fHPLRval2, fHPLRval3, fHPLRval4, fHPLRval5, fHPLRval6, fHPLRval7, fHPLRval8) VALUES (127630, 661609, N'Cavity, Center', 0.415208, 9.195000, 0.920000, 0.000000, 0.820000, 7.000000, 0.000000, 0.000000, 0.000000, 0.455000)
2019-06-27T21:08:13.416572Z	    2 Query	INSERT INTO HeatPath (lBldgRunNo, lHPTCTTNo, sHPPthName, fHPPthArea, fHPPthRVal, fHPLRval1, fHPLRval2, fHPLRval3, fHPLRval4, fHPLRval5, fHPLRval6, fHPLRval7, fHPLRval8) VALUES (127630, 661609, N'Frame, Center', 0.059792, 7.195000, 0.920000, 0.000000, 0.820000, 0.000000, 0.000000, 5.000000, 0.000000, 0.455000)
2019-06-27T21:08:13.417859Z	    2 Query	INSERT INTO HeatPath (lBldgRunNo, lHPTCTTNo, sHPPthName, fHPPthArea, fHPPthRVal, fHPLRval1, fHPLRval2, fHPLRval3, fHPLRval4, fHPLRval5, fHPLRval6, fHPLRval7, fHPLRval8) VALUES (127630, 661609, N'Grade, Outrigger', 0.025000, 9.195000, 0.920000, 0.000000, 0.820000, 7.000000, 0.000000, 0.000000, 0.000000, 0.455000)
2019-06-27T21:08:13.419157Z	    2 Query	INSERT INTO HeatPath (lBldgRunNo, lHPTCTTNo, sHPPthName, fHPPthArea, fHPPthRVal, fHPLRval1, fHPLRval2, fHPLRval3, fHPLRval4, fHPLRval5, fHPLRval6, fHPLRval7, fHPLRval8) VALUES (127630, 661609, N'Grade, Center', 0.025000, 9.195000, 0.920000, 0.000000, 0.820000, 7.000000, 0.000000, 0.000000, 0.000000, 0.455000)
2019-06-27T21:08:13.420580Z	    2 Query	INSERT INTO FlrType (lBldgRunNo, lFTFTNo, fFTJstWdt, fFTJstHgt, fFTJstSpg, fFTContIns, fFTCvtyIns, fFTCInsThk, nFTCovType, nFTTCTNo, bFTQFValid, NFTQFTYPE, FFTFLRWID, FFTOUTWID, FFTBATTHK, FFTBATRVL, FFTBLKTHK, FFTBLKRVL, NFTCNTINS, NFTOUTINS, FFTFF, BFTDFLTFF, SFTNOTE, nFTInsGrde) VALUES (127630, 213819, 2.000000, 6.000000, 24.000000, 0.000000, 0.000000, 0.000000, 0, 661609, 1, 2, 12.000000, 6.000000, 4.000000, 7.000000, 0.000000, 0.000000, 1, 1, 0.119583, 1, N'', 3)
2019-06-27T21:08:13.427235Z	    2 Query	INSERT INTO FrameFlr (lBldgRunNo, lBldgNo, szFFName, fFFArea, nFFLoc, fFFUo, lFFFlorTNo, sFFRateNo) VALUES (127630, 122697, N'ff mh', 222.000000, 202, 0.112370, 213819, N'XYZ-REM15p8')
2019-06-27T21:08:13.429731Z	    2 Query	Select max(lFTFTNo) as LMAX from FlrType
2019-06-27T21:08:13.431299Z	    2 Query	Select max(lTCTTCTTNo) as LMAX from CompType
2019-06-27T21:08:13.432773Z	    2 Query	INSERT INTO CompType (lBldgRunNo, lTCTTCTTNo, sTCTType, nTCTQFVal, sTCTLNm1, sTCTLNm2, sTCTLNm3, sTCTLNm4, sTCTLNm5, sTCTLNm6, fTCTUo) VALUES (127630, 661610, N'R-25 pl**', 0, N'Floor covering', N'Subfloor', N'Cavity ins', N'Continuous ins', N'Framing', N'', 0.050193)
2019-06-27T21:08:13.434421Z	    2 Query	INSERT INTO HeatPath (lBldgRunNo, lHPTCTTNo, sHPPthName, fHPPthArea, fHPPthRVal, fHPLRval1, fHPLRval2, fHPLRval3, fHPLRval4, fHPLRval5, fHPLRval6, fHPLRval7, fHPLRval8) VALUES (127630, 661610, N'Cavity', 0.820000, 28.890100, 0.920100, 1.230000, 0.820000, 25.000000, 0.000000, 0.000000, 0.000000, 0.920000)
2019-06-27T21:08:13.435891Z	    2 Query	INSERT INTO HeatPath (lBldgRunNo, lHPTCTTNo, sHPPthName, fHPPthArea, fHPPthRVal, fHPLRval1, fHPLRval2, fHPLRval3, fHPLRval4, fHPLRval5, fHPLRval6, fHPLRval7, fHPLRval8) VALUES (127630, 661610, N'Framing', 0.130000, 14.515000, 0.920000, 1.230000, 0.820000, 0.000000, 0.000000, 10.625000, 0.000000, 0.920000)
2019-06-27T21:08:13.437164Z	    2 Query	INSERT INTO HeatPath (lBldgRunNo, lHPTCTTNo, sHPPthName, fHPPthArea, fHPPthRVal, fHPLRval1, fHPLRval2, fHPLRval3, fHPLRval4, fHPLRval5, fHPLRval6, fHPLRval7, fHPLRval8) VALUES (127630, 661610, N'Grade', 0.050000, 3.890000, 0.920000, 1.230000, 0.820000, 0.000000, 0.000000, 0.000000, 0.000000, 0.920000)
2019-06-27T21:08:13.438448Z	    2 Query	INSERT INTO HeatPath (lBldgRunNo, lHPTCTTNo, sHPPthName, fHPPthArea, fHPPthRVal, fHPLRval1, fHPLRval2, fHPLRval3, fHPLRval4, fHPLRval5, fHPLRval6, fHPLRval7, fHPLRval8) VALUES (127630, 661610, N'', 0.000000, 0.000000, 0.000000, 0.000000, 0.000000, 0.000000, 0.000000, 0.000000, 0.000000, 0.000000)
2019-06-27T21:08:13.439674Z	    2 Query	INSERT INTO HeatPath (lBldgRunNo, lHPTCTTNo, sHPPthName, fHPPthArea, fHPPthRVal, fHPLRval1, fHPLRval2, fHPLRval3, fHPLRval4, fHPLRval5, fHPLRval6, fHPLRval7, fHPLRval8) VALUES (127630, 661610, N'', 0.000000, 0.000000, 0.000000, 0.000000, 0.000000, 0.000000, 0.000000, 0.000000, 0.000000, 0.000000)
2019-06-27T21:08:13.441208Z	    2 Query	INSERT INTO HeatPath (lBldgRunNo, lHPTCTTNo, sHPPthName, fHPPthArea, fHPPthRVal, fHPLRval1, fHPLRval2, fHPLRval3, fHPLRval4, fHPLRval5, fHPLRval6, fHPLRval7, fHPLRval8) VALUES (127630, 661610, N'', 0.000000, 0.000000, 0.000000, 0.000000, 0.000000, 0.000000, 0.000000, 0.000000, 0.000000, 0.000000)
2019-06-27T21:08:13.442541Z	    2 Query	INSERT INTO FlrType (lBldgRunNo, lFTFTNo, fFTJstWdt, fFTJstHgt, fFTJstSpg, fFTContIns, fFTCvtyIns, fFTCInsThk, nFTCovType, nFTTCTNo, bFTQFValid, NFTQFTYPE, FFTFLRWID, FFTOUTWID, FFTBATTHK, FFTBATRVL, FFTBLKTHK, FFTBLKRVL, NFTCNTINS, NFTOUTINS, FFTFF, BFTDFLTFF, SFTNOTE, nFTInsGrde) VALUES (127630, 213820, 1.500000, 8.500000, 16.000000, 0.000000, 25.000000, 8.500000, 1, 661610, 0, 1, 0.000000, 0.000000, 0.000000, 0.000000, 0.000000, 0.000000, 0, 0, 0.130000, 1, N'', 3)
2019-06-27T21:08:13.443785Z	    2 Query	INSERT INTO FrameFlr (lBldgRunNo, lBldgNo, szFFName, fFFArea, nFFLoc, fFFUo, lFFFlorTNo, sFFRateNo) VALUES (127630, 122697, N'asdf', 444.000000, 203, 0.050193, 213820, N'XYZ-REM15p8')
2019-06-27T21:08:13.445077Z	    2 Query	INSERT INTO Joist (lBldgRunNo, lBldgNo, szRJName, fRJArea, nRJLoc, fRJCoInsul, fRJFrInsul, fRJSpacing, fRJUo, fRJInsulTh, sRJRateNo, nRJInsGrde) VALUES (127630, 122697, N'Rim, Cond', 128.300003, 201, 0.000000, 11.000000, 16.000000, 0.086144, 3.500000, N'XYZ-REM15p8', 3)
2019-06-27T21:08:13.450448Z	    2 Query	Select max(lDTDTNo) as LMAX from DoorType
2019-06-27T21:08:13.455383Z	    2 Query	INSERT INTO DoorType (lBldgRunNo, lDTDTNo, sDTType, nDTType, fDTRValue, sDTNote) VALUES (127630, 248691, N'1-3/4 Wd solid core', 2, 2.100000, N'')
2019-06-27T21:08:13.456710Z	    2 Query	INSERT INTO Door (lBldgRunNo, lBldgNo, szDOName, fNOArea, nDOWallNum, lDODoorTNo, fDOUo, sDORateNo) VALUES (127630, 122697, N'Ext Doors', 40.000000, 2, 248691, 0.329497, N'XYZ-REM15p8')
2019-06-27T21:08:13.461419Z	    2 Query	Select max(lDTDTNo) as LMAX from DoorType
2019-06-27T21:08:13.462754Z	    2 Query	INSERT INTO DoorType (lBldgRunNo, lDTDTNo, sDTType, nDTType, fDTRValue, sDTNote) VALUES (127630, 248692, N'Steel-ureth fm strm**', 1, 1.700000, N'')
2019-06-27T21:08:13.464133Z	    2 Query	INSERT INTO Door (lBldgRunNo, lBldgNo, szDOName, fNOArea, nDOWallNum, lDODoorTNo, fDOUo, sDORateNo) VALUES (127630, 122697, N'door2', 0.000000, 6, 248692, 0.000000, N'XYZ-REM15p8')
2019-06-27T21:08:13.465996Z	    2 Query	Select max(lWDTWinNo) as LMAX from WndwType
2019-06-27T21:08:13.471428Z	    2 Query	INSERT INTO WndwType (lBldgRunNo, lWDTWinNo, sWDTType, fWDTSHGC, fWDTUValue, sWDTNote) VALUES (127630, 718028, N'Double - Wood', 0.580000, 0.490000, N'')
2019-06-27T21:08:13.472874Z	    2 Query	INSERT INTO Window (lBldgRunNo, lBldgNo, szWDName, fWDArea, nWDOr, fWDSumShad, fWDWtrShad, nWDSurfNum, nWDSurfTyp, lWDWinTNo, sWDRateNo, fWDOHDepth, fWDOHToTop, fWDOHToBtm, fWDAdjSum, fWDAdjWtr) VALUES (127630, 122697, N'South Wall', 22.000000, 1, 0.800000, 0.200000, 1, 0, 718028, N'XYZ-REM15p8', 0.000000, 0.000000, 0.000000, 1.000000, 1.000000)
2019-06-27T21:08:13.478225Z	    2 Query	Select max(lWDTWinNo) as LMAX from WndwType
2019-06-27T21:08:13.479641Z	    2 Query	INSERT INTO WndwType (lBldgRunNo, lWDTWinNo, sWDTType, fWDTSHGC, fWDTUValue, sWDTNote) VALUES (127630, 718029, N'Double - Wood', 0.580000, 0.490000, N'')
2019-06-27T21:08:13.481150Z	    2 Query	INSERT INTO Window (lBldgRunNo, lBldgNo, szWDName, fWDArea, nWDOr, fWDSumShad, fWDWtrShad, nWDSurfNum, nWDSurfTyp, lWDWinTNo, sWDRateNo, fWDOHDepth, fWDOHToTop, fWDOHToBtm, fWDAdjSum, fWDAdjWtr) VALUES (127630, 122697, N'North Wall', 35.000000, 5, 0.850000, 0.250000, 2, 0, 718029, N'XYZ-REM15p8', 0.000000, 0.000000, 0.000000, 1.000000, 1.000000)
2019-06-27T21:08:13.482495Z	    2 Query	Select max(lWDTWinNo) as LMAX from WndwType
2019-06-27T21:08:13.483793Z	    2 Query	INSERT INTO WndwType (lBldgRunNo, lWDTWinNo, sWDTType, fWDTSHGC, fWDTUValue, sWDTNote) VALUES (127630, 718030, N'Double - Wood', 0.580000, 0.490000, N'')
2019-06-27T21:08:13.485271Z	    2 Query	INSERT INTO Window (lBldgRunNo, lBldgNo, szWDName, fWDArea, nWDOr, fWDSumShad, fWDWtrShad, nWDSurfNum, nWDSurfTyp, lWDWinTNo, sWDRateNo, fWDOHDepth, fWDOHToTop, fWDOHToBtm, fWDAdjSum, fWDAdjWtr) VALUES (127630, 122697, N'East Wall', 11.000000, 3, 0.830000, 0.230000, 5, 0, 718030, N'XYZ-REM15p8', 0.000000, 0.000000, 0.000000, 1.000000, 1.000000)
2019-06-27T21:08:13.486561Z	    2 Query	Select max(lWDTWinNo) as LMAX from WndwType
2019-06-27T21:08:13.487829Z	    2 Query	INSERT INTO WndwType (lBldgRunNo, lWDTWinNo, sWDTType, fWDTSHGC, fWDTUValue, sWDTNote) VALUES (127630, 718031, N'Double - Vinyl', 0.570000, 0.460000, N'')
2019-06-27T21:08:13.489197Z	    2 Query	INSERT INTO Window (lBldgRunNo, lBldgNo, szWDName, fWDArea, nWDOr, fWDSumShad, fWDWtrShad, nWDSurfNum, nWDSurfTyp, lWDWinTNo, sWDRateNo, fWDOHDepth, fWDOHToTop, fWDOHToBtm, fWDAdjSum, fWDAdjWtr) VALUES (127630, 122697, N'wall4', 5.000000, 7, 0.880000, 0.290000, 6, 0, 718031, N'XYZ-REM15p8', 0.000000, 0.000000, 0.000000, 1.000000, 1.000000)
2019-06-27T21:08:13.490591Z	    2 Query	Select max(lWDTWinNo) as LMAX from WndwType
2019-06-27T21:08:13.492027Z	    2 Query	INSERT INTO WndwType (lBldgRunNo, lWDTWinNo, sWDTType, fWDTSHGC, fWDTUValue, sWDTNote) VALUES (127630, 718032, N'Dbl/LoE/Argon - Wood', 0.450000, 0.360000, N'')
2019-06-27T21:08:13.494060Z	    2 Query	INSERT INTO Skylight (lBldgRunNo, lBldgNo, szSKName, fSKGlzArea, nSKOr, fSKPitch, fSKSumShad, fSKWtrShad, nSKSurfNum, lSKWinTNo, sSKRateNo) VALUES (127630, 122697, N'sklite', 77.000000, 8, 2.000000, 0.700000, 1.000000, 2, 718032, N'XYZ-REM15p8')
2019-06-27T21:08:13.499938Z	    2 Query	Select max(lWDTWinNo) as LMAX from WndwType
2019-06-27T21:08:13.501217Z	    2 Query	INSERT INTO WndwType (lBldgRunNo, lWDTWinNo, sWDTType, fWDTSHGC, fWDTUValue, sWDTNote) VALUES (127630, 718033, N'Single - Metal', 0.800000, 1.310000, N'')
2019-06-27T21:08:13.502538Z	    2 Query	INSERT INTO Skylight (lBldgRunNo, lBldgNo, szSKName, fSKGlzArea, nSKOr, fSKPitch, fSKSumShad, fSKWtrShad, nSKSurfNum, lSKWinTNo, sSKRateNo) VALUES (127630, 122697, N'sklite2', 9.000000, 2, 2.000000, 0.700000, 1.000000, 4, 718033, N'XYZ-REM15p8')
2019-06-27T21:08:13.503978Z	    2 Query	Select max(lEIEINo) as LMAX from Equip
2019-06-27T21:08:13.509940Z	    2 Query	INSERT INTO Equip (lEIEINo, lBldgRunNo, lBldgNo, fEIHSetPnt, fEICSetPnt, nEISBThrm, nEISUThrm, nEIVentTyp, nEISBSch, fEISBTemp, nEIDuctLoc, nEIDuctLo2, nEIDuctLo3, fEIDuctIns, fEIDuctIn2, fEIDuctIn3, fEIDuctSup, fEIDuctSu2, fEIDuctSu3, fEIDuctRet, fEIDuctRe2, fEIDuctRe3, nEIDuctLk, nEIDTUNITS, fEIDTLKAGE, nEIDTQUAL, sEIRateNo, nEIHTGCAPWT, nEICLGCAPWT, nEIDHWCAPWT) VALUES (121102, 127630, 122697, 68.000000, 78.000000, 1, 1, 1, 0, 66.000000, 5, 0, 0, 0.000000, 0.000000, 0.000000, 100.000000, 0.000000, 0.000000, 100.000000, 0.000000, 0.000000, 2, 11, 0.000000, 1, N'XYZ-REM15p8', 1, 1, 1)
2019-06-27T21:08:13.511609Z	    2 Query	Select max(lEIEINo) as LMAX from EqInst
2019-06-27T21:08:13.517025Z	    2 Query	Select max(lHETHETNo) as LMAX from HtgType
2019-06-27T21:08:13.522703Z	    2 Query	INSERT INTO HtgType (lBldgRunNo, lHETHETNo, sHETType, nHETSystTp, nHETFuelTp, fHETRatCap, fHETEff, nHETEffUTp, nHETDSHtr, nHETFnCtrl, nHETFnDef, fHETFnHSpd, fHETFnLSpd, sHETNote, fHETAuxElc, nHETAuxETp, nHETAuxDef, fHETFanPwr, fHETPmpEng, nHETPmpTyp, fHETRCap17) VALUES (127630, 112474, N'80AFUE Gas Furn 48k', 1, 1, 48.000000, 80.000000, 1, 0, 1, 1, 800.000000, 0.000000, N'', 611.392029, 1, 1, 0.000000, 0.000000, 1, 0.000000)
2019-06-27T21:08:13.524218Z	    2 Query	INSERT INTO EqInst (lEIEINo, lBldgRunNo, lBldgNo, lEIHETNo, lEIGSTNo, lEIDFTNo, lEICLTNo, lEIDHTNo, lEIASTNO, lEIHDTNO, nEISysType, fEIPerAdj, nEILoc, fEIHLdSrv, fEICLdSrv, fEIDLdSrv, nEINoUnits) VALUES (303751, 127630, 122697, 112474, -1, -1, -1, -1, -1, NULL, 1, 100.000000, 1, 30.658192, 0.000000, 0.000000, 1)
2019-06-27T21:08:13.525601Z	    2 Query	Select max(lEIEINo) as LMAX from EqInst
2019-06-27T21:08:13.526893Z	    2 Query	Select max(lCETCETNo) as LMAX from ClgType
2019-06-27T21:08:13.533318Z	    2 Query	INSERT INTO ClgType (lBldgRunNo, lCETCETNo, sCETType, nCETSystTp, nCETFuelTp, fCETRatCap, fCETEff, fCETSHF, nCETEffUTp, nCETDSHtr, nCETFnCtrl, nCETFnDef, fCETFnHSpd, fCETFnLSpd, sCETNote, fCETFanPwr, fCETPmpEng, nCETPmpTyp, nCETFanDef) VALUES (127630, 58808, N'10SEER A/C 3 ton', 1, 4, 36.000000, 10.000000, 0.700000, 1, 0, 1, 0, 825.000000, 0.000000, N'', 0.000000, 0.000000, 1, 0)
2019-06-27T21:08:13.534905Z	    2 Query	INSERT INTO EqInst (lEIEINo, lBldgRunNo, lBldgNo, lEIHETNo, lEIGSTNo, lEIDFTNo, lEICLTNo, lEIDHTNo, lEIASTNO, lEIHDTNO, nEISysType, fEIPerAdj, nEILoc, fEIHLdSrv, fEICLdSrv, fEIDLdSrv, nEINoUnits) VALUES (303752, 127630, 122697, -1, -1, -1, 58808, -1, -1, NULL, 2, 100.000000, 5, 0.000000, 42.857143, 0.000000, 1)
2019-06-27T21:08:13.536486Z	    2 Query	Select max(lEIEINo) as LMAX from EqInst
2019-06-27T21:08:13.537826Z	    2 Query	Select max(lDETDETNo) as LMAX from DhwType
2019-06-27T21:08:13.544285Z	    2 Query	INSERT INTO DhwType (lBldgRunNo, lDETDETNo, sDETType, nDETSystTp, nDETFuelTp, fDETTnkVol, fDETTnkIns, fDETEnergy, fDETRecEff, sDETNote) VALUES (127630, 122520, N'40 gal. 0.56EF Gas', 1, 1, 40.000000, 0.000000, 0.560000, 0.760000, N'')
2019-06-27T21:08:13.545820Z	    2 Query	INSERT INTO EqInst (lEIEINo, lBldgRunNo, lBldgNo, lEIHETNo, lEIGSTNo, lEIDFTNo, lEICLTNo, lEIDHTNo, lEIASTNO, lEIHDTNO, nEISysType, fEIPerAdj, nEILoc, fEIHLdSrv, fEICLdSrv, fEIDLdSrv, nEINoUnits) VALUES (303753, 127630, 122697, -1, -1, -1, -1, 122520, -1, NULL, 3, 100.000000, 1, 0.000000, 0.000000, 100.000000, 1)
2019-06-27T21:08:13.547332Z	    2 Query	Select max(lEIEINo) as LMAX from EqInst
2019-06-27T21:08:13.548906Z	    2 Query	Select max(lGSTGSTNo) as LMAX from GshpType
2019-06-27T21:08:13.556020Z	    2 Query	INSERT INTO GshpType (lBldgRunNo, lGSTGSTNo, sGSTType, nGSTType, nGSTFuel, fGSTHCOP70, fGSTHCOP50, fGSTCEER70, fGSTCEER50, fGSTHCap70, fGSTHCap50, fGSTCCap70, fGSTCCap50, fGSTHCOP32, fGSTHCap32, fGSTCEER77, fGSTCCap77, fGSTSHF, nGSTFanDef, nGSTDSHtr, sGSTNote, fGSTBKUPCP, fGSTFanPwr, fGSTPmpEng, nGSTPmpEnT, nGSTDbType) VALUES (127630, 5792, N'GSHP 1 Ton', 1, 4, 3.830000, 3.445800, 15.394000, 17.948400, 20.306000, 15.814600, 12.129300, 13.279700, 3.100000, 11.500000, 14.500000, 12.000000, 0.700000, 1, 0, N'', 0.000000, 80.000000, 0.000000, 1, 1)
2019-06-27T21:08:13.557654Z	    2 Query	INSERT INTO EqInst (lEIEINo, lBldgRunNo, lBldgNo, lEIHETNo, lEIGSTNo, lEIDFTNo, lEICLTNo, lEIDHTNo, lEIASTNO, lEIHDTNO, nEISysType, fEIPerAdj, nEILoc, fEIHLdSrv, fEICLdSrv, fEIDLdSrv, nEINoUnits) VALUES (303754, 127630, 122697, -1, 5792, -1, -1, -1, -1, NULL, 5, 100.000000, 1, 7.345192, 14.285714, 0.000000, 1)
2019-06-27T21:08:13.559291Z	    2 Query	Select max(lEIEINo) as LMAX from EqInst
2019-06-27T21:08:13.560813Z	    2 Query	Select max(lASTASTNo) as LMAX from AshpType
2019-06-27T21:08:13.568046Z	    2 Query	INSERT INTO AshpType (lBldgRunNo, lASTASTNo, sASTType, nASTFuel, fASTHCap47, FASTHEFF, NASTHEFFU, fASTCCAP, FASTCEFF, NASTCEFFU, fASTSHF, nASTDSHtr, sASTNote, fASTBKUPCP, nASTFnCtrl, nASTFnDef, fASTFnHSpd, fASTFnLSpd, fASTHCap17) VALUES (127630, 23817, N'18k 10seer 6.8hspf', 4, 18.000000, 6.800000, 3, 18.000000, 10.000000, 1, 0.700000, 0, N'', 5.000000, 1, 1, 0.000000, 0.000000, 10.980000)
2019-06-27T21:08:13.569729Z	    2 Query	INSERT INTO EqInst (lEIEINo, lBldgRunNo, lBldgNo, lEIHETNo, lEIGSTNo, lEIDFTNo, lEICLTNo, lEIDHTNo, lEIASTNO, lEIHDTNO, nEISysType, fEIPerAdj, nEILoc, fEIHLdSrv, fEICLdSrv, fEIDLdSrv, nEINoUnits) VALUES (303755, 127630, 122697, -1, -1, -1, -1, -1, 23817, NULL, 4, 100.000000, 1, 22.396448, 21.428572, 0.000000, 1)
2019-06-27T21:08:13.571143Z	    2 Query	Select max(lEIEINo) as LMAX from EqInst
2019-06-27T21:08:13.572486Z	    2 Query	Select max(lDFTDFTNo) as LMAX from DfhpType
2019-06-27T21:08:13.578728Z	    2 Query	INSERT INTO DfhpType (lBldgRunNo, lDFTDFTNo, sDFTType, nDFTFuel, fDFTHHSPF, fDFTHCap47, nDFTBFuel, nDFTBEffU, fDFTBSEff, fDFTBCap, fDFTCSEER, fDFTCCap, fDFTCSHF, nDFTDSHtr, fDFTSwitch, nDFTFnCtrl, nDFTFnDef, fDFTFnHSpd, fDFTFnLSpd, sDFTNote) VALUES (127630, 5253, N'DFHP 1.5 Ton', 4, 7.000000, 13.400000, 1, 1, 78.000000, 30.000000, 10.000000, 18.000000, 0.700000, 0, 33.000000, 1, 1, 413.000000, 0.000000, N'')
2019-06-27T21:08:13.580614Z	    2 Query	INSERT INTO EqInst (lEIEINo, lBldgRunNo, lBldgNo, lEIHETNo, lEIGSTNo, lEIDFTNo, lEICLTNo, lEIDHTNo, lEIASTNO, lEIHDTNO, nEISysType, fEIPerAdj, nEILoc, fEIHLdSrv, fEICLdSrv, fEIDLdSrv, nEINoUnits) VALUES (303756, 127630, 122697, -1, -1, 5253, -1, -1, -1, NULL, 6, 100.000000, 1, 19.161371, 21.428572, 0.000000, 1)
2019-06-27T21:08:13.582179Z	    2 Query	Select max(lEIEINo) as LMAX from EqInst
2019-06-27T21:08:13.583514Z	    2 Query	Select max(lHETHETNo) as LMAX from HtgType
2019-06-27T21:08:13.584993Z	    2 Query	INSERT INTO HtgType (lBldgRunNo, lHETHETNo, sHETType, nHETSystTp, nHETFuelTp, fHETRatCap, fHETEff, nHETEffUTp, nHETDSHtr, nHETFnCtrl, nHETFnDef, fHETFnHSpd, fHETFnLSpd, sHETNote, fHETAuxElc, nHETAuxETp, nHETAuxDef, fHETFanPwr, fHETPmpEng, nHETPmpTyp, fHETRCap17) VALUES (127630, 112475, N'80AFUE Gas Furn 32k**', 6, 1, 32.000000, 30.000000, 1, 1, 1, 1, 533.000000, 0.000000, N'Notes', 0.000000, 1, 0, 10.000000, 0.000000, 1, 30.000000)
2019-06-27T21:08:13.586804Z	    2 Query	INSERT INTO EqInst (lEIEINo, lBldgRunNo, lBldgNo, lEIHETNo, lEIGSTNo, lEIDFTNo, lEICLTNo, lEIDHTNo, lEIASTNO, lEIHDTNO, nEISysType, fEIPerAdj, nEILoc, fEIHLdSrv, fEICLdSrv, fEIDLdSrv, nEINoUnits) VALUES (303757, 127630, 122697, 112475, -1, -1, -1, -1, -1, NULL, 1, 100.000000, 1, 20.438795, 0.000000, 0.000000, 1)
2019-06-27T21:08:13.588327Z	    2 Query	Select max(lGWellNo) as LMAX from GshpWell
2019-06-27T21:08:13.595425Z	    2 Query	INSERT INTO GshpWell (lBldgRunNo, sRateNo, lGWellNo, nGWType, fGWNoWells, fGWDepth, fGWLpFlow) VALUES (127630, N'XYZ-REM15p8', 0, 0, 8.000000, 100.000000, 2.000000)
2019-06-27T21:08:13.597079Z	    2 Query	Select max(lDhwDistNo) as LMAX from DhwDistrib
2019-06-27T21:08:13.603649Z	    2 Query	INSERT INTO DhwDistrib (lBldgRunNo, sRateNo, lDhwDistNo, bFixLowFlow, bDhwPipeIns, nRecircType, fMaxFixDist, fSupRetDist, fPipeLenDhw, fPipeLenRec, fRecPumpPwr, bHasDwhr, fDwhrEff, bDwhrPrehtC, bDwhrPrehtH, nShwrheads, nShwrToDwhr, fHwCtrlEff) VALUES (127630, N'XYZ-REM15p8', 29710, 1, 1, 3, 89.000000, 100.000000, 89.000000, 100.000000, 50.000000, 1, 89.199997, 1, 1, 2, 1, 0.000000)
2019-06-27T21:08:13.605363Z	    2 Query	Select max(lDSDSNo) as LMAX from DuctSystem
2019-06-27T21:08:13.609880Z	    2 Query	INSERT INTO DuctSystem (lBldgRunNo, lBldgNo, lDSDSNo, szDSName, lDSHtgNo, lDSClgNo, fDSSupArea, fDSRetArea, lDSRegis, nDSDLeakTy, fDSDLeakTo, fDSDLeakSu, fDSDLeakRe, nDSDLeakUn, lDSDLeakET, sDSRateNo, nDSDLeakTT, fDSCFArea, fDSDLeakRTo, nDSDLeakRUn, nDSDLeakTEx, nDSInpType, nDSLtOType, nDSIECCEx, nDSRESNETEx, nDSESTAREx, fDSTestLtO, fDSTestDL, nDSIsDucted, nDSTestType) VALUES (127630, 122697, 122748, N'measured', 6, -1, 50.220001, 9.300000, 1, 2, 0.890000, 0.356000, 0.534000, 2, 2, N'XYZ-REM15p8', 1, 248.000000, 0.890000, 1, 0, 1, 2, 0, 0, 1, 0.820000, 0.850000, 1, 1)
2019-06-27T21:08:13.612043Z	    2 Query	INSERT INTO Duct (lBldgRunNo, lBldgNo, lDUDSNo, fDUArea, nDULoc, fDUIns, nDUDctType, sDURateNo) VALUES (127630, 122697, 122748, 100.000000, 5, 0.000000, 1, N'XYZ-REM15p8')
2019-06-27T21:08:13.619520Z	    2 Query	INSERT INTO Duct (lBldgRunNo, lBldgNo, lDUDSNo, fDUArea, nDULoc, fDUIns, nDUDctType, sDURateNo) VALUES (127630, 122697, 122748, 100.000000, 5, 0.000000, 2, N'XYZ-REM15p8')
2019-06-27T21:08:13.621081Z	    2 Query	Select max(lDSDSNo) as LMAX from DuctSystem
2019-06-27T21:08:13.623067Z	    2 Query	INSERT INTO DuctSystem (lBldgRunNo, lBldgNo, lDSDSNo, szDSName, lDSHtgNo, lDSClgNo, fDSSupArea, fDSRetArea, lDSRegis, nDSDLeakTy, fDSDLeakTo, fDSDLeakSu, fDSDLeakRe, nDSDLeakUn, lDSDLeakET, sDSRateNo, nDSDLeakTT, fDSCFArea, fDSDLeakRTo, nDSDLeakRUn, nDSDLeakTEx, nDSInpType, nDSLtOType, nDSIECCEx, nDSRESNETEx, nDSESTAREx, fDSTestLtO, fDSTestDL, nDSIsDucted, nDSTestType) VALUES (127630, 122697, 122749, N'total', 4, 5, 101.250000, 18.750000, 1, 2, 1.200000, 0.480000, 0.720000, 12, 2, N'XYZ-REM15p8', 2, 500.000000, 0.890000, 0, 0, 0, 2, 1, 0, 1, Null, Null, 0, 1)
2019-06-27T21:08:13.624778Z	    2 Query	INSERT INTO Duct (lBldgRunNo, lBldgNo, lDUDSNo, fDUArea, nDULoc, fDUIns, nDUDctType, sDURateNo) VALUES (127630, 122697, 122749, 80.000000, 7, 3.000000, 1, N'XYZ-REM15p8')
2019-06-27T21:08:13.626349Z	    2 Query	INSERT INTO Duct (lBldgRunNo, lBldgNo, lDUDSNo, fDUArea, nDULoc, fDUIns, nDUDctType, sDURateNo) VALUES (127630, 122697, 122749, 75.000000, 7, 4.000000, 2, N'XYZ-REM15p8')
2019-06-27T21:08:13.627899Z	    2 Query	INSERT INTO Duct (lBldgRunNo, lBldgNo, lDUDSNo, fDUArea, nDULoc, fDUIns, nDUDctType, sDURateNo) VALUES (127630, 122697, 122749, 20.000000, 6, 3.100000, 1, N'XYZ-REM15p8')
2019-06-27T21:08:13.629767Z	    2 Query	INSERT INTO Duct (lBldgRunNo, lBldgNo, lDUDSNo, fDUArea, nDULoc, fDUIns, nDUDctType, sDURateNo) VALUES (127630, 122697, 122749, 25.000000, 6, 4.100000, 2, N'XYZ-REM15p8')
2019-06-27T21:08:13.631194Z	    2 Query	Select max(lDSDSNo) as LMAX from DuctSystem
2019-06-27T21:08:13.632650Z	    2 Query	INSERT INTO DuctSystem (lBldgRunNo, lBldgNo, lDSDSNo, szDSName, lDSHtgNo, lDSClgNo, fDSSupArea, fDSRetArea, lDSRegis, nDSDLeakTy, fDSDLeakTo, fDSDLeakSu, fDSDLeakRe, nDSDLeakUn, lDSDLeakET, sDSRateNo, nDSDLeakTT, fDSCFArea, fDSDLeakRTo, nDSDLeakRUn, nDSDLeakTEx, nDSInpType, nDSLtOType, nDSIECCEx, nDSRESNETEx, nDSESTAREx, fDSTestLtO, fDSTestDL, nDSIsDucted, nDSTestType) VALUES (127630, 122697, 122750, N'sup ret', 0, -1, 101.250000, 18.750000, 1, 3, 30.000000, 12.000000, 18.000000, 2, 2, N'XYZ-REM15p8', 1, 500.000000, 15.000000, 0, 0, 0, 3, 1, 0, 1, Null, Null, 0, 1)
2019-06-27T21:08:13.634098Z	    2 Query	INSERT INTO Duct (lBldgRunNo, lBldgNo, lDUDSNo, fDUArea, nDULoc, fDUIns, nDUDctType, sDURateNo) VALUES (127630, 122697, 122750, 80.000000, 7, 3.000000, 1, N'XYZ-REM15p8')
2019-06-27T21:08:13.635474Z	    2 Query	INSERT INTO Duct (lBldgRunNo, lBldgNo, lDUDSNo, fDUArea, nDULoc, fDUIns, nDUDctType, sDURateNo) VALUES (127630, 122697, 122750, 75.000000, 7, 4.000000, 2, N'XYZ-REM15p8')
2019-06-27T21:08:13.636928Z	    2 Query	INSERT INTO Duct (lBldgRunNo, lBldgNo, lDUDSNo, fDUArea, nDULoc, fDUIns, nDUDctType, sDURateNo) VALUES (127630, 122697, 122750, 20.000000, 6, 3.100000, 1, N'XYZ-REM15p8')
2019-06-27T21:08:13.638381Z	    2 Query	INSERT INTO Duct (lBldgRunNo, lBldgNo, lDUDSNo, fDUArea, nDULoc, fDUIns, nDUDctType, sDURateNo) VALUES (127630, 122697, 122750, 25.000000, 6, 4.100000, 2, N'XYZ-REM15p8')
2019-06-27T21:08:13.639677Z	    2 Query	Select max(lDSDSNo) as LMAX from DuctSystem
2019-06-27T21:08:13.641174Z	    2 Query	INSERT INTO DuctSystem (lBldgRunNo, lBldgNo, lDSDSNo, szDSName, lDSHtgNo, lDSClgNo, fDSSupArea, fDSRetArea, lDSRegis, nDSDLeakTy, fDSDLeakTo, fDSDLeakSu, fDSDLeakRe, nDSDLeakUn, lDSDLeakET, sDSRateNo, nDSDLeakTT, fDSCFArea, fDSDLeakRTo, nDSDLeakRUn, nDSDLeakTEx, nDSInpType, nDSLtOType, nDSIECCEx, nDSRESNETEx, nDSESTAREx, fDSTestLtO, fDSTestDL, nDSIsDucted, nDSTestType) VALUES (127630, 122697, 122751, N'std 152', 3, 1, 101.250000, 18.750000, 1, 3, 7.170000, 5.130000, 2.040000, 2, 2, N'XYZ-REM15p8', 3, 500.000000, 32.299999, 2, 0, 0, 3, 0, 0, 1, Null, Null, 0, 1)
2019-06-27T21:08:13.642605Z	    2 Query	INSERT INTO Duct (lBldgRunNo, lBldgNo, lDUDSNo, fDUArea, nDULoc, fDUIns, nDUDctType, sDURateNo) VALUES (127630, 122697, 122751, 80.000000, 7, 3.000000, 1, N'XYZ-REM15p8')
2019-06-27T21:08:13.643992Z	    2 Query	INSERT INTO Duct (lBldgRunNo, lBldgNo, lDUDSNo, fDUArea, nDULoc, fDUIns, nDUDctType, sDURateNo) VALUES (127630, 122697, 122751, 75.000000, 7, 4.000000, 2, N'XYZ-REM15p8')
2019-06-27T21:08:13.645576Z	    2 Query	INSERT INTO Duct (lBldgRunNo, lBldgNo, lDUDSNo, fDUArea, nDULoc, fDUIns, nDUDctType, sDURateNo) VALUES (127630, 122697, 122751, 20.000000, 6, 3.100000, 1, N'XYZ-REM15p8')
2019-06-27T21:08:13.647037Z	    2 Query	INSERT INTO Duct (lBldgRunNo, lBldgNo, lDUDSNo, fDUArea, nDULoc, fDUIns, nDUDctType, sDURateNo) VALUES (127630, 122697, 122751, 25.000000, 6, 4.100000, 2, N'XYZ-REM15p8')
2019-06-27T21:08:13.648706Z	    2 Query	INSERT INTO Infilt (lBldgRunNo, lBldgNo, lINInfilNo, nINType, fINHeatVal, fINCoolVal, nINWHInfUn, lINMVType, fINMVRate, fINSREff, nINHrsDay, fINMVFan, sINRateNo, fINTREff, nINVerify, nINShltrCl, nINClgVent, nINFanMotor, fINAnnual, fINTested, nINGdAirXMF, nINNoMVMsrd, nINWattDflt) VALUES (127630, 122697, 0, 6, 7.100000, 7.100000, 3, 1, 100.000000, 8.000000, 24.000000, 100.000000, N'XYZ-REM15p8', 9.000000, 2, 4, 1, 1, 7.100000, 7.000000, 0, 1, 1)
2019-06-27T21:08:13.652922Z	    2 Query	INSERT INTO LightApp (lBldgRunNo, lBldgNo, fLAOvnFuel, fLADryFuel, sLARateNo, nLAUseDef, fLARefKWh, fLADishWEF, fLAFlrCent, fLAFanCFM, fLACFLCent, fLACFLExt, fLACFLGar, nLARefLoc, fLADishWCap, fLADishWYr, nLAOvnInd, nLAOvnCon, nLADryLoc, nLADryMoist, fLADryEF, fLADryMEF, fLADryGasEF, nLAWashLoc, fLAWashLER, fLAWashCap, fLAWashElec, fLAWashGas, fLAWashGCst, fLAWashEff, fLALEDInt, fLALEDExt, fLALEDGar) VALUES (127630, 122697, 4, 4, N'XYZ-REM15p8', 0, 775.000000, 0.460000, 10.000000, 70.400002, 9.800000, 4.100000, 1.700000, 1, 12.000000, 0.000000, 0, 1, 1, 0, 2.320000, 0.331000, 2.670000, 1, 704.000000, 2.874000, 0.080300, 0.580000, 23.000000, 1, 90.199997, 62.200001, 8.300000)
2019-06-27T21:08:13.659042Z	    2 Query	INSERT INTO LAInst (lBldgRunNo, lBldgNo, SLAINAME, NLAITYPE, NLAILOC, NLAIFUEL, FLAIRATE, NLAIRATEU, FLAIUSE, NLAIUSEU, NLAIQTY, NLAIEFF) VALUES (127630, 122697, N'Rated - Int Ltg', 1, 1, 4, 1849.500000, 4, 1.000000, 8, 1, 3)
2019-06-27T21:08:13.665926Z	    2 Query	INSERT INTO LAInst (lBldgRunNo, lBldgNo, SLAINAME, NLAITYPE, NLAILOC, NLAIFUEL, FLAIRATE, NLAIRATEU, FLAIUSE, NLAIUSEU, NLAIQTY, NLAIEFF) VALUES (127630, 122697, N'Rated - Ext Ltg', 1, 5, 4, 205.500000, 4, 1.000000, 8, 1, 3)
2019-06-27T21:08:13.667536Z	    2 Query	INSERT INTO LAInst (lBldgRunNo, lBldgNo, SLAINAME, NLAITYPE, NLAILOC, NLAIFUEL, FLAIRATE, NLAIRATEU, FLAIUSE, NLAIUSEU, NLAIQTY, NLAIEFF) VALUES (127630, 122697, N'Rated - Refrigerator', 3, 1, 4, 775.000000, 4, 1.000000, 8, 1, 3)
2019-06-27T21:08:13.669798Z	    2 Query	INSERT INTO LAInst (lBldgRunNo, lBldgNo, SLAINAME, NLAITYPE, NLAILOC, NLAIFUEL, FLAIRATE, NLAIRATEU, FLAIUSE, NLAIUSEU, NLAIQTY, NLAIEFF) VALUES (127630, 122697, N'Rated - Dishwasher', 5, 1, 4, 0.586957, 4, 247.000000, 8, 1, 3)
2019-06-27T21:08:13.671648Z	    2 Query	INSERT INTO LAInst (lBldgRunNo, lBldgNo, SLAINAME, NLAITYPE, NLAILOC, NLAIFUEL, FLAIRATE, NLAIRATEU, FLAIUSE, NLAIUSEU, NLAIQTY, NLAIEFF) VALUES (127630, 122697, N'Rated - Dishwasher', 5, 1, 98, 7.347020, 5, 247.000000, 8, 1, 3)
2019-06-27T21:08:13.673384Z	    2 Query	INSERT INTO LAInst (lBldgRunNo, lBldgNo, SLAINAME, NLAITYPE, NLAILOC, NLAIFUEL, FLAIRATE, NLAIRATEU, FLAIUSE, NLAIUSEU, NLAIQTY, NLAIEFF) VALUES (127630, 122697, N'Rated - Ceiling Fan', 14, 1, 4, 42.613602, 2, 168.000000, 3, 3, 3)
2019-06-27T21:08:13.675354Z	    2 Query	INSERT INTO LAInst (lBldgRunNo, lBldgNo, SLAINAME, NLAITYPE, NLAILOC, NLAIFUEL, FLAIRATE, NLAIRATEU, FLAIUSE, NLAIUSEU, NLAIQTY, NLAIEFF) VALUES (127630, 122697, N'Oven/Range', 7, 1, 4, 547.505005, 4, 1.000000, 8, 1, 3)
2019-06-27T21:08:13.676994Z	    2 Query	INSERT INTO LAInst (lBldgRunNo, lBldgNo, SLAINAME, NLAITYPE, NLAILOC, NLAIFUEL, FLAIRATE, NLAIRATEU, FLAIUSE, NLAIUSEU, NLAIQTY, NLAIEFF) VALUES (127630, 122697, N'Clothes Dryer', 9, 1, 4, 900.007996, 4, 1.000000, 8, 1, 3)
2019-06-27T21:08:13.678503Z	    2 Query	INSERT INTO LAInst (lBldgRunNo, lBldgNo, SLAINAME, NLAITYPE, NLAILOC, NLAIFUEL, FLAIRATE, NLAIRATEU, FLAIUSE, NLAIUSEU, NLAIQTY, NLAIEFF) VALUES (127630, 122697, N'Clothes Washer', 8, 1, 4, 90.000801, 4, 1.000000, 8, 1, 3)
2019-06-27T21:08:13.680396Z	    2 Query	INSERT INTO LAInst (lBldgRunNo, lBldgNo, SLAINAME, NLAITYPE, NLAILOC, NLAIFUEL, FLAIRATE, NLAIRATEU, FLAIUSE, NLAIUSEU, NLAIQTY, NLAIEFF) VALUES (127630, 122697, N'Clothes Washer', 8, 1, 98, 8.248850, 5, 365.000000, 8, 1, 3)
2019-06-27T21:08:13.682084Z	    2 Query	INSERT INTO LAInst (lBldgRunNo, lBldgNo, SLAINAME, NLAITYPE, NLAILOC, NLAIFUEL, FLAIRATE, NLAIRATEU, FLAIUSE, NLAIUSEU, NLAIQTY, NLAIEFF) VALUES (127630, 122697, N'Shower', 10, 1, 98, 46.743500, 5, 365.000000, 8, 1, 3)
2019-06-27T21:08:13.683663Z	    2 Query	INSERT INTO LAInst (lBldgRunNo, lBldgNo, SLAINAME, NLAITYPE, NLAILOC, NLAIFUEL, FLAIRATE, NLAIRATEU, FLAIUSE, NLAIUSEU, NLAIQTY, NLAIEFF) VALUES (127630, 122697, N'Plug Loads', 2, 1, 4, 2871.169922, 4, 1.000000, 8, 1, 3)
2019-06-27T21:08:13.685710Z	    2 Query	INSERT INTO MandReq (lBldgRunNo, lBldgNo, nMRIECC04, nMRIECC06, nMRIECC09, nMRESV2TBC, nMRESV2PRD, nMRESV3TEC, nMRESV3HC, nMRESV3HR, nMRESV3WM, nMRESV3AP, nMRESV3RF, nMRESV3CF, nMRESV3EF, nMRESV3DW, nMRESV3NRF, nMRESV3NCF, nMRESV3NEF, nMRESV3NDW, sMRRateNo, nMRIECCNY, nMRESV3SAF, fMRESV3BFA, nMRESV3NBB, nMRIECC12, nMRFLORIDA, nMRESV3SLAB, nMRIECC15, sMRESQUAL4, nMRIECC18, nMRIECCMI, NMRESMFWSHR, NMRESMFDRYR, NMRESMFWIN, nMRIECCNC) VALUES (127630, 122697, 0, 1, 1, 1, 1, 0, 0, 0, 0, 1, 0, 0, 0, 0, 1, 2, 3, 4, N'XYZ-REM15p8', 1, 1, 300.000000, 0, 1, 0, 1, 1, N'ENERGY STAR v1.1 MF', 0, 1, 1, 0, 1, 1)
2019-06-27T21:08:13.692064Z	    2 Query	INSERT INTO DOEChallenge (lBldgRunNo, lBldgNo, sDCBldrID, nDCFenstrtn, nDCInsul, nDCDuctLoc, nDCAppl, nDCLighting, nDCFanEff, nDCAirQual, nDCSolarE, nDCSolarHW, nDCAirPlus, nDCWtrSense, nDCIBHS, nDCMGMT, nDCWaiver, sDCRateNo, nDCWaterEff) VALUES (127630, 122697, N'ID156', 1, 1, 1, 1, 1, 1, 1, 1, 0, 2, 1, 3, 2, 1, N'XYZ-REM15p8', 1)
2019-06-27T21:08:13.698479Z	    2 Query	INSERT INTO AddMass (lBldgRunNo, lBldgNo, szAMName, fAMArea, nAMLoc, nAMType, fAMThk, sAMRateNo) VALUES (127630, 122697, N'intmass', 66.000000, 1, 1, 7.000000, N'XYZ-REM15p8')
2019-06-27T21:08:13.704582Z	    2 Query	INSERT INTO ActSolar (lBldgRunNo, lBldgNo, nASSystem, nASLoop, fASColArea, nASOr, nASTilt, nASSpecs, fASStgVol, sASRateNo) VALUES (127630, 122697, 1, 1, 88.000000, 1, 44.000000, 1, 33.000000, N'XYZ-REM15p8')
2019-06-27T21:08:13.711307Z	    2 Query	INSERT INTO PhotoVol (lBldgRunNo, lBldgNo, sPVName, nPVColType, fPVArea, fPVPower, fPVTilt, nPVOr, fPVInvEff, sPVRateNo) VALUES (127630, 122697, N'pv1', 0, 111.199997, 88.000000, 55.000000, 2, 12.000000, N'XYZ-REM15p8')
2019-06-27T21:08:13.717533Z	    2 Query	INSERT INTO PhotoVol (lBldgRunNo, lBldgNo, sPVName, nPVColType, fPVArea, fPVPower, fPVTilt, nPVOr, fPVInvEff, sPVRateNo) VALUES (127630, 122697, N'pv2', 0, 99.000000, 77.000000, 49.000000, 4, 11.100000, N'XYZ-REM15p8')
2019-06-27T21:08:13.719242Z	    2 Query	INSERT INTO SunSpace (lBldgRunNo, lBldgNo, fSSRfArea, fSSRFIns, fSSAGWArea, fSSAGWIns, fSSBGWArea, fSSBGWIns, fSSArea, fSSFrmIns, fSSSlbPer, fSSSlbDep, fSSSlbThk, fSSSlbPIns, fSSSlbUIns, sSSRateNo) VALUES (127630, 122697, 100.000000, 5.100000, 155.000000, 4.800000, 77.000000, 3.300000, 101.000000, 7.000000, 111.000000, 3.000000, 8.000000, 5.500000, 4.400000, N'XYZ-REM15p8')
2019-06-27T21:08:13.726017Z	    2 Query	INSERT INTO SSMass (lBldgRunNo, lBldgNo, szSSMName, fSSMArea, nSSMType, fSSMThk, fSSMWVol, sSSMRateNo) VALUES (127630, 122697, N'ss intmass', 88.000000, 2, 12.000000, 0.000000, N'XYZ-REM15p8')
2019-06-27T21:08:13.731780Z	    2 Query	INSERT INTO SSCmnWal (lBldgRunNo, lBldgNo, szSSCName, fSSCArea, nSSCMTyp, fSSCMThk, fSSCIns, nSSCFan, fSSCFlRate, sSSCRateNo) VALUES (127630, 122697, N'sswall', 77.000000, 1, 5.000000, 4.000000, 1, 5.000000, N'XYZ-REM15p8')
2019-06-27T21:08:13.738537Z	    2 Query	Select max(lWDTWinNo) as LMAX from WndwType
2019-06-27T21:08:13.739907Z	    2 Query	INSERT INTO WndwType (lBldgRunNo, lWDTWinNo, sWDTType, fWDTSHGC, fWDTUValue, sWDTNote) VALUES (127630, 718034, N'Double - Vinyl', 0.570000, 0.460000, N'')
2019-06-27T21:08:13.741477Z	    2 Query	INSERT INTO SSWindow (lBldgRunNo, lBldgNo, szSSWName, fSSWArea, nSSWOr, fSSWSum, fSSWWtr, lSSWWdwTNo, sSSWRateNo, fSSOHDepth, fSSOHToTop, fSSOHToBtm, fSSAdjSum, fSSAdjWtr) VALUES (127630, 122697, N'sswin1', 88.000000, 7, 0.700000, 0.850000, 718034, N'XYZ-REM15p8', 2.000000, 3.000000, 4.000000, 0.700000, 1.000000)
2019-06-27T21:08:13.747715Z	    2 Query	Select max(lWDTWinNo) as LMAX from WndwType
2019-06-27T21:08:13.749155Z	    2 Query	INSERT INTO WndwType (lBldgRunNo, lWDTWinNo, sWDTType, fWDTSHGC, fWDTUValue, sWDTNote) VALUES (127630, 718035, N'Double/LoE - Wood', 0.460000, 0.390000, N'')
2019-06-27T21:08:13.750681Z	    2 Query	INSERT INTO SSSkLght (lBldgRunNo, lBldgNo, szSSSName, fSSSArea, nSSSOr, fSSSPitch, fSSSSum, fSSSWtr, lSSSWdwTNo, sSSSRateNo) VALUES (127630, 122697, N'sssky', 66.000000, 2, 3.000000, 0.700000, 1.000000, 718035, N'XYZ-REM15p8')
2019-06-27T21:08:13.756672Z	    2 Query	INSERT INTO ResnetDisc (lBldgRunNo, lBldgNo, nRDQ1, nRDQ2A, nRDQ2B, nRDQ2C, nRDQ2D, nRDQ2E, sRDQ2EOTHR, nRDQ3A, nRDQ3B, nRDQ3C, NRDQ4HVACI, NRDQ4HVACB, NRDQ4THMLI, NRDQ4THMLB, NRDQ4AIRSI, NRDQ4AIRSB, NRDQ4WINI, NRDQ4WINB, NRDQ4APPLI, NRDQ4APPLB, NRDQ4CNSTI, NRDQ4CNSTB, NRDQ4OTHRI, NRDQ4OTHRB, SRDQ4OTHR, sRateNo, nRDQ5) VALUES (127630, 122697, 1, 1, 0, 1, 1, 1, N'this is the other text', 0, 1, 0, 1, 2, 2, 3, 3, 1, 2, 3, 3, 1, 1, 3, 3, 2, N'other specify', N'XYZ-REM15p8', 1)
2019-06-27T21:08:13.763534Z	    2 Query	INSERT INTO FuelSum (lBldgRunNo, nFSFuel, nFSUnits, fFSHCons, fFSCCons, fFSWCons, fFSLACons, fFSTotCost, sRateNo, fFSPVCons, fFSTotCons) VALUES (127630, 1, 4, 445.604492, 0.000000, 10.004135, 0.000000, 227.330353, N'XYZ-REM15p8', 0.000000, 455.608643)
2019-06-27T21:08:13.770134Z	    2 Query	INSERT INTO FuelSum (lBldgRunNo, nFSFuel, nFSUnits, fFSHCons, fFSCCons, fFSWCons, fFSLACons, fFSTotCost, sRateNo, fFSPVCons, fFSTotCons) VALUES (127630, 2, 2, 0.000000, 0.000000, 0.000000, 0.000000, 0.000000, N'XYZ-REM15p8', 0.000000, 0.000000)
2019-06-27T21:08:13.771905Z	    2 Query	INSERT INTO FuelSum (lBldgRunNo, nFSFuel, nFSUnits, fFSHCons, fFSCCons, fFSWCons, fFSLACons, fFSTotCost, sRateNo, fFSPVCons, fFSTotCons) VALUES (127630, 3, 2, 0.000000, 0.000000, 0.000000, 0.000000, 0.000000, N'XYZ-REM15p8', 0.000000, 0.000000)
2019-06-27T21:08:13.779250Z	    2 Query	INSERT INTO FuelSum (lBldgRunNo, nFSFuel, nFSUnits, fFSHCons, fFSCCons, fFSWCons, fFSLACons, fFSTotCost, sRateNo, fFSPVCons, fFSTotCons) VALUES (127630, 4, 1, 2803.072754, 3256.953369, 2.539927, 8517.465820, 1003.791077, N'XYZ-REM15p8', -27.186556, 14552.845703)
2019-06-27T21:08:13.780998Z	    2 Query	INSERT INTO FuelSum (lBldgRunNo, nFSFuel, nFSUnits, fFSHCons, fFSCCons, fFSWCons, fFSLACons, fFSTotCost, sRateNo, fFSPVCons, fFSTotCons) VALUES (127630, 5, 2, 0.000000, 0.000000, 0.000000, 0.000000, 0.000000, N'XYZ-REM15p8', 0.000000, 0.000000)
2019-06-27T21:08:13.782991Z	    2 Query	INSERT INTO FuelSum (lBldgRunNo, nFSFuel, nFSUnits, fFSHCons, fFSCCons, fFSWCons, fFSLACons, fFSTotCost, sRateNo, fFSPVCons, fFSTotCons) VALUES (127630, 6, 5, 0.000000, 0.000000, 0.000000, 0.000000, 0.000000, N'XYZ-REM15p8', 0.000000, 0.000000)
2019-06-27T21:08:13.784682Z	    2 Query	INSERT INTO FuelSum (lBldgRunNo, nFSFuel, nFSUnits, fFSHCons, fFSCCons, fFSWCons, fFSLACons, fFSTotCost, sRateNo, fFSPVCons, fFSTotCons) VALUES (127630, 4, 7, 10.660524, 0.000000, 0.000879, 0.790815, 11.452218, N'XYZ-REM15p8', 0.000000, 11.452219)
2019-06-27T21:08:13.786153Z	    2 Query	INSERT INTO FuelSum (lBldgRunNo, nFSFuel, nFSUnits, fFSHCons, fFSCCons, fFSWCons, fFSLACons, fFSTotCost, sRateNo, fFSPVCons, fFSTotCons) VALUES (127630, 4, 8, 0.000000, 3.883185, 0.000000, 1.484987, 5.368172, N'XYZ-REM15p8', 0.000000, 5.368172)
2019-06-27T21:08:13.787751Z	    2 Query	INSERT INTO EconParam (lBldgRunNo, lBldgNo, sRateNo, nFSBaseline, sFSBldgName, fEPImpCost, fEPImpLife, fEPMortRat, fEPMortPer, fEPDownPay, fEPAppVal, fEPInf, fEPDisRate, fEPEnInf, fEPAnalPer, nEPImpLifeD, nEPMortRatD, nEPMortPerD, nEPDownPayD, nEPInfD, nEPDisRateD, nEPEnInfD, nEPAnalPerD, nEPDOECalc, nEPCalcMthd) VALUES (127630, 122697, N'XYZ-REM15p8', 18, N'REM UDRH/Building Baseline: None', 500.000000, 25.000000, 5.700000, 30.000000, 10.000000, 0.000000, 2.000000, 4.000000, 2.300000, 15.000000, 0, 0, 1, 0, 1, 1, 0, 0, 0, 1)
2019-06-27T21:08:13.795724Z	    2 Query	INSERT INTO Results (lBldgRunNo, fHTEff, fClgEff, fHWEff, fLhROOF, fLcROOF, fLhJOIST, fLcJOIST, fLhAGWALL, fLcAGWALL, fLhFNDWALL, fLcFNDWALL, fLhWNDOSK, fLcWNDOSK, fLhFFLR, fLcFFLR, fLhCRAWL, fLcCRAWL, fLhSLAB, fLcSLAB, fLhINF, fLcINF, fLhMECHVNT, fLcMECHVNT, fLhDUCT, fLcDUCT, fLhASOL, fLcASOL, fLhSS, fLcSS, fLhIGAIN, fLcIGAIN, fLhWHF, fLcWHF, fLhDOOR, fLcDOOR, fLhTOTAL, fLcTOTAL, fTotDHW, fSolSave, fHtPeak, fAcsPeak, fAclPeak, fAcTPeak, fHbuck, fAcbuck, fWbuck, fhCons, fcCons, fhCost, fcCost, fWcons, fWCost, fServCost, fTotCost, fRefrCons, fFrzCons, fDryCons, fOvenCons, fLaOthCons, fLiHsCons, fLiCsCons, fRefrCost, fFrzCost, fDryCost, fOvenCost, fLaOthCost, fLightCost, fLATotCons, fLATotCost, fPVTotCons, fPVTotCost, fShellArea, fHTGLdPHDD, fCLGLdPHDD, fHTGDdPHDD, fClgDdPHDD, fHTGACH, fCLGACH, sRateNo, fEMCO2TOT, fEMSO2TOT, fEMNOXTOT, fEMCO2HTG, fEMCO2CLG, fEMCO2DHW, fEMCO2LA, fEMCO2PV, fEMSO2HTG, fEMSO2CLG, fEMSO2DHW, fEMSO2LA, fEMSO2PV, fEMNOXHTG, fEMNOXCLG, fEMNOXDHW, fEMNOXLA, fEMNOXPV, fEMHERSCO2, fEMHERSSO2, fEMHERSNOX, fSRCEGYHTG, fSRCEGYCLG, fSRCEGYDHW, fSRCEGYLA, fSRCEGYPV, fDHWNoLoss) VALUES (127630, 0.795533, 2.924026, 0.475469, 8.078053, 2.403088, 1.168136, 0.050817, 10.322272, 2.296067, 5.056059, 0.245666, -0.357105, 12.817184, 5.883573, 0.255950, 0.000000, 0.000000, 1.460101, -1.013045, 6.599478, 1.316566, 8.827277, 0.542199, 12.734204, 6.402810, -0.000000, 0.000000, -0.545154, 0.736387, -16.166893, 17.006624, 0.000000, -10.557180, 0.000000, 0.000000, 43.060001, 32.503132, 0.479908, 12.721533, 92.256973, 45.503380, 0.000000, 45.503380, 7.653562, 20.241573, 5.129372, 54.127251, 11.115882, 414.266235, 225.002945, 1.009337, 5.177264, 150.000000, 1381.121460, 2.645075, 0.000000, 3.071728, 1.868635, 9.799303, 3.747053, 3.266662, 53.552689, 0.000000, 62.190777, 37.832729, 198.398544, 142.000977, 29.069851, 588.553650, -0.092787, -1.878581, 6887.609375, 1.625112, 4.724782, 0.003482, 0.006615, 0.257930, 0.139037, N'XYZ-REM15p8', 21251.583984, 9.489511, 24.132940, 8387.517578, 3532.550781, 122.804474, 9238.198242, -29.487032, 1.849278, 2.117652, 0.002252, 5.538006, -0.017677, 10.016049, 3.871505, 0.153081, 10.124619, -0.032316, 0.000000, 0.000000, 0.000000, 0.000000, 0.000000, 0.000000, 0.000000, 0.000000, 9.223894)
2019-06-27T21:08:13.803263Z	    2 Query	INSERT INTO RegionalCode (lBldgRunNo, sRateNo, fNVRebate, fNYECRHCn, fNYECRCCn, fNYECRDCN, fNYECRLACn, fNYECRPVCn, fNYECRTCn, fNYECDHCn, fNYECDCCn, fNYECDDCN, fNYECDLACn, fNYECDPVCn, fNYECDTCn, bNYECC, fNVECRHCn, fNVECRCCn, fNVECRDCN, fNVECRLACn, fNVECRPVCn, fNVECRTCn, fNVECDHCn, fNVECDCCn, fNVECDDCN, fNVECDLACn, fNVECDPVCn, fNVECDTCn, bNVECC, fNCRHCT, fNCRCCT, fNCRDCT, fNCRLACT, fNCRPVCT, fNCRSVCT, fNCRTCT, fNCDHCT, fNCDCCT, fNCDDCT, fNCDLACT, fNCDPVCT, fNCDSVCT, fNCDTCT, bNCMeetCT, fNCRUA, fNCDUA, bNCDctPass, bNCUAPass, bNCPass, fNCHRHCT, fNCHRCCT, fNCHRDCT, fNCHRLACT, fNCHRPVCT, fNCHRSVCT, fNCHRTCT, fNCHDHCT, fNCHDCCT, fNCHDDCT, fNCHDLACT, fNCHDPVCT, fNCHDSVCT, fNCHDTCT, bNCHMeetCT, fNCHRUA, fNCHDUA, bNCHDctPass, bNCHUAPass, bNCHPass, fNYRHCT, fNyRCCT, fNYRDCT, fNYRLACT, fNYRPVCT, fNYRSVCT, fNYRTCT, fNYDHCT, fNYDCCT, fNYDDCT, fNYDLACT, fNYDPVCT, fNYDSVCT, fNYDTCT, bNYMeetCT, fNYRUA, fNYDUA, bNYDctPass, bNYUAPass, bNYPass) VALUES (127630, N'XYZ-REM15p8', 0.000000, 0.000000, 0.000000, 0.000000, 0.000000, 0.000000, 0.000000, 0.000000, 0.000000, 0.000000, 0.000000, 0.000000, 0.000000, 0, 0.000000, 0.000000, 0.000000, 0.000000, 0.000000, 0.000000, 0.000000, 0.000000, 0.000000, 0.000000, 0.000000, 0.000000, 0, 309.078857, 142.779999, 88.417389, 463.095734, -0.000000, 150.000000, 1153.371948, 422.067566, 251.441376, 3.989656, 473.132935, -1.889066, 150.000000, 1298.742554, 0, 303.651215, 399.102631, 0, 0, 0, 299.579407, 142.528610, 88.429504, 446.554199, -0.000000, 150.000000, 1127.091797, 422.067566, 251.441376, 3.989656, 473.132935, -1.889066, 150.000000, 1298.742554, 0, 302.661194, 399.102631, 0, 0, 0, 249.027649, 122.432198, 88.192787, 467.365143, -0.000000, 150.000000, 1077.017822, 422.067566, 251.441376, 3.989656, 473.132935, -1.889066, 150.000000, 1298.742554, 0, 281.776489, 399.102631, 0, 0, 0)
2019-06-27T21:08:13.810572Z	    2 Query	INSERT INTO HERSCode (lBldgRunNo, sRateNo, fHERSScor, fHERSCost, fHERSStars, fHERSRHCn, fHERSRCCn, fHERSRDCN, fHERSRLACn, fHERSRPVCn, fHERSRTCn, fHERSDHCn, fHERSDCCn, fHERSDDCN, fHERSDLACn, fHERSDPVCn, fHERSDTCn, FNYHERS, bTaxCredit, FHERS130) VALUES (127630, N'XYZ-REM15p8', -999.000000, 1361.721191, 0.000000, 0.000000, 0.000000, 0.000000, 0.000000, 0.000000, 0.000000, 0.000000, 0.000000, 0.000000, 0.000000, 0.000000, 0.000000, 0.000000, 0, 0.000000)
2019-06-27T21:08:13.816776Z	    2 Query	INSERT INTO ENERGYSTAR (lBldgRunNo, sRateNo, BESTARV2, BESTARV25, FV25HERSPV, FV25HERS, FV25HERSSA, FV25SZADJF, BESTARV3, FV3HERSPV, FV3HERS, FV3HERSSA, FV3SZADJF, BESTARV3HI, FV3HIHERSPV, FV3HIHERS, FV3HIHERSSA, FV3HISZADJF, BESTARV31, FV31HERSPV, FV31HERS, FV31HERSSA, FV31SZADJF, BDOEPROGRAM, FDOEHERS, FDOEHERSSA, BESTARV32W, FV32WHERSPV, FV32WHERS, FV32WHERSSA, FV32WSZADJF, BESTARV10MF, FV10MFHERSPV, FV10MFHERS, BESTARV11MF, FV11MFHERSPV, FV11MFHERS, BESTARV12MF, FV12MFHERSPV, FV12MFHERS) VALUES (127630, N'XYZ-REM15p8', 0, 0, -999.000000, -999.000000, -999.000000, 1.000000, Null, Null, Null, Null, Null, Null, Null, Null, Null, Null, Null, Null, Null, Null, Null, 0, -999.000000, -999.000000, Null, Null, Null, Null, Null, Null, Null, Null, 0, -999.000000, -999.000000, Null, Null, Null)
2019-06-27T21:08:13.823980Z	    2 Query	INSERT INTO IECC (lBldgRunNo, sRateNo, f98IERHCn, f98IERCCn, f98IERDCN, f98IERLACn, f98IERPVCn, f98IERTCn, f98IEDHCn, f98IEDCCn, f98IEDDCN, f98IEDLACn, f98IEDPVCn, f98IEDTCn, b98IECC, f98IECCRUo, f98IECCDUo, b98IECCDuP, b98IECCuoP, f00IERHCn, f00IERCCn, f00IERDCN, f00IERLACn, f00IERPVCn, f00IERTCn, f00IEDHCn, f00IEDCCn, f00IEDDCN, f00IEDLACn, f00IEDPVCn, f00IEDTCn, b00IECC, f00IECCRUo, f00IECCDUo, b00IECCDuP, b00IECCuoP, f01IERHCn, f01IERCCn, f01IERDCN, f01IERLACn, f01IERPVCn, f01IERTCn, f01IEDHCn, f01IEDCCn, f01IEDDCN, f01IEDLACn, f01IEDPVCn, f01IEDTCn, b01IECC, f01IECCRUo, f01IECCDUo, b01IECCDuP, b01IECCuoP, f03IERHCn, f03IERCCn, f03IERDCN, f03IERLACn, f03IERPVCn, f03IERTCn, f03IEDHCn, f03IEDCCn, f03IEDDCN, f03IEDLACn, f03IEDPVCn, f03IEDTCn, b03IECC, f03IECCRUo, f03IECCDUo, b03IECCDuP, b03IECCuoP, f04IERHCT, f04IERCCT, f04IERDCT, f04IERLACT, f04IERPVCT, f04IERSVCT, f04IERTCT, f04IEDHCT, f04IEDCCT, f04IEDDCT, f04IEDLACT, f04IEDPVCT, f04IEDSVCT, f04IEDTCT, b04IECC, f04IECCRUA, f04IECCDUA, b04IECCDuP, b04IECCuAP, bPass04IECC, f06IERHCT, f06IERCCT, f06IERDCT, f06IERLACT, f06IERPVCT, f06IERSVCT, f06IERTCT, f06IEDHCT, f06IEDCCT, f06IEDDCT, f06IEDLACT, f06IEDPVCT, f06IEDSVCT, f06IEDTCT, b06IECC, f06IECCRUA, f06IECCDUA, b06IECCDuP, b06IECCuAP, bPass06IECC, f09IERHCT, f09IERCCT, f09IERDCT, f09IERLACT, f09IERPVCT, f09IERSVCT, f09IERTCT, f09IEDHCT, f09IEDCCT, f09IEDDCT, f09IEDLACT, f09IEDPVCT, f09IEDSVCT, f09IEDTCT, b09IECC, f09IECCRUA, f09IECCDUA, b09IECCDuP, b09IECCuAP, bPass09IECC, f12IERHCT, f12IERCCT, f12IERDCT, f12IERLACT, f12IERPVCT, f12IERSVCT, f12IERTCT, f12IEDHCT, f12IEDCCT, f12IEDDCT, f12IEDLACT, f12IEDPVCT, f12IEDSVCT, f12IEDTCT, b12IECC, f12IECCRUA, f12IECCDUA, b12IECCDuP, b12IECCuAP, bPass12IECC, f15IERHCT, f15IERCCT, f15IERDCT, f15IERLACT, f15IERPVCT, f15IERSVCT, f15IERTCT, f15IEDHCT, f15IEDCCT, f15IEDDCT, f15IEDLACT, f15IEDPVCT, f15IEDSVCT, f15IEDTCT, b15IECC, f15IECCRUA, f15IECCDUA, b15IECCDuP, b15IECCuAP, bPass15IECC, f18IERHCT, f18IERCCT, f18IERDCT, f18IERLACT, f18IERPVCT, f18IERSVCT, f18IERTCT, f18IEDHCT, f18IEDCCT, f18IEDDCT, f18IEDLACT, f18IEDPVCT, f18IEDSVCT, f18IEDTCT, b18IECC, f18IECCRUA, f18IECCDUA, b18IECCDuP, b18IECCuAP, bPass18IECC) VALUES (127630, N'XYZ-REM15p8', 20.249615, 12.786491, 29.558596, 26.080063, -0.000000, 88.674767, 51.785545, 10.829564, 1.032816, 29.069851, -0.092787, 92.624985, 0, 0.078729, 0.068685, 0, 0, 20.249615, 12.786491, 29.558596, 26.080063, -0.000000, 88.674767, 51.785545, 10.829564, 1.032816, 29.069851, -0.092787, 92.624985, 0, 0.078729, 0.068685, 0, 0, 20.249615, 12.786491, 29.558596, 26.080063, -0.000000, 88.674767, 51.785545, 10.829564, 1.032816, 29.069851, -0.092787, 92.624985, 0, 0.078729, 0.068685, 0, 0, 20.249615, 12.786491, 29.558596, 26.080063, -0.000000, 88.674767, 51.785545, 10.829564, 1.032816, 29.069851, -0.092787, 92.624985, 0, 0.078729, 0.068685, 0, 0, 228.384674, 181.028397, 89.006973, 543.677490, -0.000000, 150.000000, 1192.097534, 342.203644, 241.977310, 5.007505, 589.545593, -1.881747, 150.000000, 1326.852417, 0, 306.718597, 399.102631, 0, 0, 0, 202.036575, 134.239410, 89.006973, 545.136108, -0.000000, 150.000000, 1120.419067, 342.203644, 241.977310, 5.007505, 589.545593, -1.881747, 150.000000, 1326.852417, 0, 306.718597, 399.102631, 0, 0, 0, 263.210205, 152.811935, 88.473358, 543.968994, -0.000000, 150.000000, 1198.464478, 388.596436, 268.272919, 4.134217, 588.248840, -1.877608, 150.000000, 1397.374878, 0, 303.020813, 399.102631, 0, 0, 0, 245.277039, 121.871918, 88.198792, 467.442719, -0.000000, 150.000000, 1072.790527, 422.067566, 251.441376, 3.989656, 473.132935, -1.889066, 150.000000, 1298.742554, 0, 278.078705, 399.102631, 0, 0, 0, 249.027649, 122.432198, 88.192787, 467.365143, -0.000000, 150.000000, 1077.017822, 422.067566, 251.441376, 3.989656, 473.132935, -1.889066, 150.000000, 1298.742554, 0, 281.776489, 399.102631, 0, 0, 0, 248.222504, 122.429550, 88.194145, 462.000366, -0.000000, 150.000000, 1070.846558, 422.067566, 251.441376, 3.989656, 473.132935, -1.889066, 150.000000, 1298.742554, 0, 281.116486, 399.102631, 0, 0, 0)
2019-06-27T21:08:13.833267Z	    2 Query	INSERT INTO Site (lBldgRunNo, szSELabel, ISECity, fSEElev, nSEHS, nSECS, nSECSJSDay, nSEDegDayh, nSEDegDayc, fSETAmbHS, fSETambCS, fSEHDD65, fSECDH74, sCLIMZONE, sRateNo, fASHRAEWSF, fAveWindSpd, fAveAmbAirT) VALUES (127630, N'Fredonia, AZ', 0, 4672, 195, 170, 114, 3996.000000, 1102.000000, 45.049999, 75.760002, 3847.000000, 23971.000000, N'5B', N'XYZ-REM15p8', 0.470000, 4.900000, 59.400002)
2019-06-27T21:08:13.839898Z	    2 Quit
